[INFO] Scanning for projects...
[INFO] 
[INFO] -------------------< dev.coms4156.project:KebabCase >-------------------
[INFO] Building KebabCase 0.0.1-SNAPSHOT
[INFO]   from pom.xml
[INFO] --------------------------------[ jar ]---------------------------------
Downloading from central: https://repo.maven.apache.org/maven2/org/apache/maven/plugins/maven-resources-plugin/3.3.1/maven-resources-plugin-3.3.1.pom
Progress (1): 1.4/8.2 kBProgress (1): 2.8/8.2 kBProgress (1): 4.1/8.2 kBProgress (1): 5.5/8.2 kBProgress (1): 6.9/8.2 kBProgress (1): 8.2 kB                        Downloaded from central: https://repo.maven.apache.org/maven2/org/apache/maven/plugins/maven-resources-plugin/3.3.1/maven-resources-plugin-3.3.1.pom (8.2 kB at 38 kB/s)
Downloading from central: https://repo.maven.apache.org/maven2/org/apache/maven/plugins/maven-resources-plugin/3.3.1/maven-resources-plugin-3.3.1.jar
Progress (1): 1.4/31 kBProgress (1): 2.8/31 kBProgress (1): 4.1/31 kBProgress (1): 5.5/31 kBProgress (1): 6.9/31 kBProgress (1): 8.3/31 kBProgress (1): 9.7/31 kBProgress (1): 11/31 kB Progress (1): 12/31 kBProgress (1): 14/31 kBProgress (1): 15/31 kBProgress (1): 17/31 kBProgress (1): 18/31 kBProgress (1): 19/31 kBProgress (1): 21/31 kBProgress (1): 22/31 kBProgress (1): 23/31 kBProgress (1): 25/31 kBProgress (1): 26/31 kBProgress (1): 28/31 kBProgress (1): 29/31 kBProgress (1): 30/31 kBProgress (1): 31 kB                      Downloaded from central: https://repo.maven.apache.org/maven2/org/apache/maven/plugins/maven-resources-plugin/3.3.1/maven-resources-plugin-3.3.1.jar (31 kB at 1.4 MB/s)
Downloading from central: https://repo.maven.apache.org/maven2/org/apache/maven/plugins/maven-surefire-plugin/3.5.2/maven-surefire-plugin-3.5.2.pom
Progress (1): 1.4/5.7 kBProgress (1): 2.8/5.7 kBProgress (1): 4.1/5.7 kBProgress (1): 5.5/5.7 kBProgress (1): 5.7 kB                        Downloaded from central: https://repo.maven.apache.org/maven2/org/apache/maven/plugins/maven-surefire-plugin/3.5.2/maven-surefire-plugin-3.5.2.pom (5.7 kB at 712 kB/s)
Downloading from central: https://repo.maven.apache.org/maven2/org/apache/maven/surefire/surefire/3.5.2/surefire-3.5.2.pom
Progress (1): 1.4/20 kBProgress (1): 2.8/20 kBProgress (1): 4.1/20 kBProgress (1): 5.5/20 kBProgress (1): 6.9/20 kBProgress (1): 8.3/20 kBProgress (1): 9.7/20 kBProgress (1): 11/20 kB Progress (1): 12/20 kBProgress (1): 14/20 kBProgress (1): 15/20 kBProgress (1): 16/20 kBProgress (1): 20 kB                      Downloaded from central: https://repo.maven.apache.org/maven2/org/apache/maven/surefire/surefire/3.5.2/surefire-3.5.2.pom (20 kB at 1.6 MB/s)
Downloading from central: https://repo.maven.apache.org/maven2/org/apache/maven/plugins/maven-surefire-plugin/3.5.2/maven-surefire-plugin-3.5.2.jar
Progress (1): 16/46 kBProgress (1): 33/46 kBProgress (1): 46 kB                      Downloaded from central: https://repo.maven.apache.org/maven2/org/apache/maven/plugins/maven-surefire-plugin/3.5.2/maven-surefire-plugin-3.5.2.jar (46 kB at 3.6 MB/s)
[INFO] 
[INFO] --- checkstyle:3.2.0:check (validate) @ KebabCase ---
[INFO] Starting audit...
Audit done.
[INFO] You have 0 Checkstyle violations.
[INFO] 
[INFO] --- jacoco:0.8.11:prepare-agent (default-prepare-agent) @ KebabCase ---
Downloading from central: https://repo.maven.apache.org/maven2/org/codehaus/plexus/plexus-utils/3.0.24/plexus-utils-3.0.24.pom
Progress (1): 4.1 kB                    Downloaded from central: https://repo.maven.apache.org/maven2/org/codehaus/plexus/plexus-utils/3.0.24/plexus-utils-3.0.24.pom (4.1 kB at 317 kB/s)
Downloading from central: https://repo.maven.apache.org/maven2/org/apache/maven/shared/file-management/3.1.0/file-management-3.1.0.pom
Progress (1): 4.5 kB                    Downloaded from central: https://repo.maven.apache.org/maven2/org/apache/maven/shared/file-management/3.1.0/file-management-3.1.0.pom (4.5 kB at 748 kB/s)
Downloading from central: https://repo.maven.apache.org/maven2/org/apache/maven/shared/maven-shared-components/36/maven-shared-components-36.pom
Progress (1): 4.9 kB                    Downloaded from central: https://repo.maven.apache.org/maven2/org/apache/maven/shared/maven-shared-components/36/maven-shared-components-36.pom (4.9 kB at 816 kB/s)
Downloading from central: https://repo.maven.apache.org/maven2/org/apache/maven/maven-parent/36/maven-parent-36.pom
Progress (1): 16/45 kBProgress (1): 33/45 kBProgress (1): 45 kB                      Downloaded from central: https://repo.maven.apache.org/maven2/org/apache/maven/maven-parent/36/maven-parent-36.pom (45 kB at 4.1 MB/s)
Downloading from central: https://repo.maven.apache.org/maven2/org/apache/apache/26/apache-26.pom
Progress (1): 16/21 kBProgress (1): 21 kB                      Downloaded from central: https://repo.maven.apache.org/maven2/org/apache/apache/26/apache-26.pom (21 kB at 2.6 MB/s)
Downloading from central: https://repo.maven.apache.org/maven2/org/jacoco/org.jacoco.agent/0.8.11/org.jacoco.agent-0.8.11.pom
Progress (1): 3.5 kB                    Downloaded from central: https://repo.maven.apache.org/maven2/org/jacoco/org.jacoco.agent/0.8.11/org.jacoco.agent-0.8.11.pom (3.5 kB at 584 kB/s)
Downloading from central: https://repo.maven.apache.org/maven2/org/jacoco/org.jacoco.core/0.8.11/org.jacoco.core-0.8.11.pom
Progress (1): 2.1 kB                    Downloaded from central: https://repo.maven.apache.org/maven2/org/jacoco/org.jacoco.core/0.8.11/org.jacoco.core-0.8.11.pom (2.1 kB at 417 kB/s)
Downloading from central: https://repo.maven.apache.org/maven2/org/ow2/asm/asm-commons/9.6/asm-commons-9.6.pom
Progress (1): 2.8 kB                    Downloaded from central: https://repo.maven.apache.org/maven2/org/ow2/asm/asm-commons/9.6/asm-commons-9.6.pom (2.8 kB at 465 kB/s)
Downloading from central: https://repo.maven.apache.org/maven2/org/ow2/asm/asm-tree/9.6/asm-tree-9.6.pom
Progress (1): 2.6 kB                    Downloaded from central: https://repo.maven.apache.org/maven2/org/ow2/asm/asm-tree/9.6/asm-tree-9.6.pom (2.6 kB at 518 kB/s)
Downloading from central: https://repo.maven.apache.org/maven2/org/jacoco/org.jacoco.report/0.8.11/org.jacoco.report-0.8.11.pom
Progress (1): 1.9 kB                    Downloaded from central: https://repo.maven.apache.org/maven2/org/jacoco/org.jacoco.report/0.8.11/org.jacoco.report-0.8.11.pom (1.9 kB at 377 kB/s)
Downloading from central: https://repo.maven.apache.org/maven2/org/codehaus/plexus/plexus-utils/3.0.24/plexus-utils-3.0.24.jar
Progress (1): 16/247 kBProgress (1): 33/247 kBProgress (1): 49/247 kBProgress (1): 63/247 kBProgress (1): 80/247 kBProgress (1): 96/247 kBProgress (1): 112/247 kBProgress (1): 129/247 kBProgress (1): 145/247 kBProgress (1): 162/247 kBProgress (1): 178/247 kBProgress (1): 194/247 kBProgress (1): 211/247 kBProgress (1): 227/247 kBProgress (1): 243/247 kBProgress (1): 247 kB                        Downloaded from central: https://repo.maven.apache.org/maven2/org/codehaus/plexus/plexus-utils/3.0.24/plexus-utils-3.0.24.jar (247 kB at 9.2 MB/s)
Downloading from central: https://repo.maven.apache.org/maven2/org/apache/maven/shared/file-management/3.1.0/file-management-3.1.0.jar
Downloading from central: https://repo.maven.apache.org/maven2/commons-io/commons-io/2.11.0/commons-io-2.11.0.jar
Downloading from central: https://repo.maven.apache.org/maven2/org/apache/maven/reporting/maven-reporting-api/3.0/maven-reporting-api-3.0.jar
Downloading from central: https://repo.maven.apache.org/maven2/org/apache/maven/doxia/doxia-sink-api/1.0/doxia-sink-api-1.0.jar
Downloading from central: https://repo.maven.apache.org/maven2/org/jacoco/org.jacoco.agent/0.8.11/org.jacoco.agent-0.8.11-runtime.jar
Progress (1): 16/327 kBProgress (1): 33/327 kBProgress (1): 49/327 kBProgress (1): 64/327 kBProgress (1): 81/327 kBProgress (1): 97/327 kBProgress (2): 97/327 kB | 1.4/11 kBProgress (2): 97/327 kB | 2.8/11 kBProgress (2): 114/327 kB | 2.8/11 kBProgress (2): 114/327 kB | 4.1/11 kBProgress (2): 114/327 kB | 5.5/11 kBProgress (3): 114/327 kB | 5.5/11 kB | 1.4/36 kBProgress (3): 114/327 kB | 6.9/11 kB | 1.4/36 kBProgress (3): 114/327 kB | 6.9/11 kB | 2.8/36 kBProgress (4): 114/327 kB | 6.9/11 kB | 2.8/36 kB | 1.4/301 kBProgress (4): 114/327 kB | 6.9/11 kB | 2.8/36 kB | 2.8/301 kBProgress (4): 114/327 kB | 6.9/11 kB | 2.8/36 kB | 4.1/301 kBProgress (4): 114/327 kB | 6.9/11 kB | 2.8/36 kB | 5.5/301 kBProgress (4): 114/327 kB | 6.9/11 kB | 2.8/36 kB | 6.9/301 kBProgress (4): 114/327 kB | 6.9/11 kB | 2.8/36 kB | 8.3/301 kBProgress (4): 114/327 kB | 6.9/11 kB | 2.8/36 kB | 9.7/301 kBProgress (4): 114/327 kB | 6.9/11 kB | 2.8/36 kB | 11/301 kB Progress (4): 114/327 kB | 6.9/11 kB | 2.8/36 kB | 12/301 kBProgress (4): 114/327 kB | 6.9/11 kB | 2.8/36 kB | 14/301 kBProgress (4): 114/327 kB | 6.9/11 kB | 2.8/36 kB | 15/301 kBProgress (4): 130/327 kB | 6.9/11 kB | 2.8/36 kB | 15/301 kBProgress (4): 130/327 kB | 6.9/11 kB | 2.8/36 kB | 17/301 kBProgress (4): 130/327 kB | 6.9/11 kB | 2.8/36 kB | 18/301 kBProgress (4): 130/327 kB | 6.9/11 kB | 2.8/36 kB | 19/301 kBProgress (4): 130/327 kB | 6.9/11 kB | 2.8/36 kB | 21/301 kBProgress (4): 130/327 kB | 8.3/11 kB | 2.8/36 kB | 21/301 kBProgress (4): 130/327 kB | 9.7/11 kB | 2.8/36 kB | 21/301 kBProgress (4): 130/327 kB | 11 kB | 2.8/36 kB | 21/301 kB                                                            Downloaded from central: https://repo.maven.apache.org/maven2/org/apache/maven/reporting/maven-reporting-api/3.0/maven-reporting-api-3.0.jar (11 kB at 281 kB/s)
Downloading from central: https://repo.maven.apache.org/maven2/org/jacoco/org.jacoco.core/0.8.11/org.jacoco.core-0.8.11.jar
Progress (4): 130/327 kB | 2.8/36 kB | 21/301 kB | 1.4/10 kBProgress (4): 130/327 kB | 4.1/36 kB | 21/301 kB | 1.4/10 kBProgress (4): 130/327 kB | 5.5/36 kB | 21/301 kB | 1.4/10 kBProgress (4): 130/327 kB | 6.9/36 kB | 21/301 kB | 1.4/10 kBProgress (4): 130/327 kB | 6.9/36 kB | 21/301 kB | 2.8/10 kBProgress (4): 130/327 kB | 6.9/36 kB | 21/301 kB | 4.1/10 kBProgress (4): 130/327 kB | 6.9/36 kB | 21/301 kB | 5.5/10 kBProgress (4): 130/327 kB | 6.9/36 kB | 21/301 kB | 6.9/10 kBProgress (4): 130/327 kB | 6.9/36 kB | 21/301 kB | 8.3/10 kBProgress (4): 130/327 kB | 6.9/36 kB | 21/301 kB | 9.7/10 kBProgress (4): 130/327 kB | 6.9/36 kB | 21/301 kB | 10 kB                                                            Downloaded from central: https://repo.maven.apache.org/maven2/org/apache/maven/doxia/doxia-sink-api/1.0/doxia-sink-api-1.0.jar (10 kB at 229 kB/s)
Progress (3): 146/327 kB | 6.9/36 kB | 21/301 kBProgress (3): 146/327 kB | 8.3/36 kB | 21/301 kBProgress (3): 146/327 kB | 9.7/36 kB | 21/301 kBProgress (3): 146/327 kB | 11/36 kB | 21/301 kB Progress (3): 146/327 kB | 12/36 kB | 21/301 kBProgress (3): 146/327 kB | 14/36 kB | 21/301 kBProgress (3): 146/327 kB | 15/36 kB | 21/301 kBProgress (3): 146/327 kB | 17/36 kB | 21/301 kBProgress (3): 146/327 kB | 18/36 kB | 21/301 kB                                               Downloading from central: https://repo.maven.apache.org/maven2/org/ow2/asm/asm-commons/9.6/asm-commons-9.6.jar
Progress (3): 146/327 kB | 18/36 kB | 22/301 kBProgress (3): 146/327 kB | 18/36 kB | 23/301 kBProgress (3): 146/327 kB | 18/36 kB | 25/301 kBProgress (3): 146/327 kB | 18/36 kB | 26/301 kBProgress (3): 146/327 kB | 18/36 kB | 28/301 kBProgress (3): 146/327 kB | 18/36 kB | 29/301 kBProgress (3): 146/327 kB | 18/36 kB | 30/301 kBProgress (3): 146/327 kB | 18/36 kB | 32/301 kBProgress (3): 146/327 kB | 19/36 kB | 32/301 kBProgress (3): 163/327 kB | 19/36 kB | 32/301 kBProgress (3): 163/327 kB | 21/36 kB | 32/301 kBProgress (3): 163/327 kB | 22/36 kB | 32/301 kBProgress (3): 163/327 kB | 23/36 kB | 32/301 kBProgress (3): 163/327 kB | 25/36 kB | 32/301 kBProgress (3): 163/327 kB | 26/36 kB | 32/301 kBProgress (3): 163/327 kB | 28/36 kB | 32/301 kBProgress (3): 163/327 kB | 29/36 kB | 32/301 kBProgress (3): 163/327 kB | 30/36 kB | 32/301 kBProgress (3): 163/327 kB | 32/36 kB | 32/301 kBProgress (3): 163/327 kB | 33/36 kB | 32/301 kBProgress (3): 163/327 kB | 34/36 kB | 32/301 kBProgress (3): 163/327 kB | 36/36 kB | 32/301 kBProgress (3): 163/327 kB | 36 kB | 32/301 kB                                               Downloaded from central: https://repo.maven.apache.org/maven2/org/apache/maven/shared/file-management/3.1.0/file-management-3.1.0.jar (36 kB at 616 kB/s)
Downloading from central: https://repo.maven.apache.org/maven2/org/ow2/asm/asm-tree/9.6/asm-tree-9.6.jar
Progress (2): 163/327 kB | 33/301 kBProgress (3): 163/327 kB | 33/301 kB | 16/210 kBProgress (3): 179/327 kB | 33/301 kB | 16/210 kBProgress (4): 179/327 kB | 33/301 kB | 16/210 kB | 16/72 kBProgress (4): 179/327 kB | 33/301 kB | 33/210 kB | 16/72 kBProgress (4): 196/327 kB | 33/301 kB | 33/210 kB | 16/72 kBProgress (4): 196/327 kB | 33/301 kB | 33/210 kB | 33/72 kBProgress (4): 196/327 kB | 33/301 kB | 49/210 kB | 33/72 kBProgress (4): 212/327 kB | 33/301 kB | 49/210 kB | 33/72 kBProgress (4): 212/327 kB | 33/301 kB | 62/210 kB | 33/72 kBProgress (5): 212/327 kB | 33/301 kB | 62/210 kB | 33/72 kB | 1.4/52 kBProgress (5): 228/327 kB | 33/301 kB | 62/210 kB | 33/72 kB | 1.4/52 kBProgress (5): 228/327 kB | 33/301 kB | 78/210 kB | 33/72 kB | 1.4/52 kBProgress (5): 245/327 kB | 33/301 kB | 78/210 kB | 33/72 kB | 1.4/52 kBProgress (5): 245/327 kB | 33/301 kB | 95/210 kB | 33/72 kB | 1.4/52 kBProgress (5): 261/327 kB | 33/301 kB | 95/210 kB | 33/72 kB | 1.4/52 kBProgress (5): 261/327 kB | 33/301 kB | 111/210 kB | 33/72 kB | 1.4/52 kBProgress (5): 277/327 kB | 33/301 kB | 111/210 kB | 33/72 kB | 1.4/52 kBProgress (5): 277/327 kB | 33/301 kB | 111/210 kB | 49/72 kB | 1.4/52 kBProgress (5): 277/327 kB | 34/301 kB | 111/210 kB | 49/72 kB | 1.4/52 kBProgress (5): 277/327 kB | 36/301 kB | 111/210 kB | 49/72 kB | 1.4/52 kBProgress (5): 277/327 kB | 37/301 kB | 111/210 kB | 49/72 kB | 1.4/52 kBProgress (5): 277/327 kB | 39/301 kB | 111/210 kB | 49/72 kB | 1.4/52 kBProgress (5): 277/327 kB | 40/301 kB | 111/210 kB | 49/72 kB | 1.4/52 kBProgress (5): 277/327 kB | 41/301 kB | 111/210 kB | 49/72 kB | 1.4/52 kBProgress (5): 277/327 kB | 41/301 kB | 127/210 kB | 49/72 kB | 1.4/52 kBProgress (5): 277/327 kB | 41/301 kB | 127/210 kB | 49/72 kB | 2.8/52 kBProgress (5): 294/327 kB | 41/301 kB | 127/210 kB | 49/72 kB | 2.8/52 kBProgress (5): 294/327 kB | 41/301 kB | 144/210 kB | 49/72 kB | 2.8/52 kBProgress (5): 310/327 kB | 41/301 kB | 144/210 kB | 49/72 kB | 2.8/52 kBProgress (5): 310/327 kB | 41/301 kB | 160/210 kB | 49/72 kB | 2.8/52 kBProgress (5): 310/327 kB | 41/301 kB | 177/210 kB | 49/72 kB | 2.8/52 kBProgress (5): 310/327 kB | 41/301 kB | 193/210 kB | 49/72 kB | 2.8/52 kBProgress (5): 310/327 kB | 43/301 kB | 193/210 kB | 49/72 kB | 2.8/52 kBProgress (5): 310/327 kB | 43/301 kB | 193/210 kB | 66/72 kB | 2.8/52 kBProgress (5): 310/327 kB | 44/301 kB | 193/210 kB | 66/72 kB | 2.8/52 kBProgress (5): 310/327 kB | 44/301 kB | 193/210 kB | 72 kB | 2.8/52 kB                                                                        Downloaded from central: https://repo.maven.apache.org/maven2/org/ow2/asm/asm-commons/9.6/asm-commons-9.6.jar (72 kB at 1.0 MB/s)
Downloading from central: https://repo.maven.apache.org/maven2/org/jacoco/org.jacoco.report/0.8.11/org.jacoco.report-0.8.11.jar
Progress (4): 327/327 kB | 44/301 kB | 193/210 kB | 2.8/52 kBProgress (4): 327/327 kB | 44/301 kB | 193/210 kB | 4.1/52 kBProgress (4): 327/327 kB | 44/301 kB | 193/210 kB | 5.5/52 kBProgress (4): 327/327 kB | 44/301 kB | 193/210 kB | 6.9/52 kBProgress (4): 327 kB | 44/301 kB | 193/210 kB | 6.9/52 kB    Progress (4): 327 kB | 46/301 kB | 193/210 kB | 6.9/52 kBProgress (4): 327 kB | 46/301 kB | 209/210 kB | 6.9/52 kBProgress (4): 327 kB | 47/301 kB | 209/210 kB | 6.9/52 kBProgress (4): 327 kB | 47/301 kB | 210 kB | 6.9/52 kB                                                         Downloaded from central: https://repo.maven.apache.org/maven2/commons-io/commons-io/2.11.0/commons-io-2.11.0.jar (327 kB at 4.0 MB/s)
Progress (3): 47/301 kB | 210 kB | 8.3/52 kBProgress (3): 47/301 kB | 210 kB | 9.7/52 kBProgress (3): 47/301 kB | 210 kB | 11/52 kB Progress (3): 47/301 kB | 210 kB | 12/52 kBProgress (3): 47/301 kB | 210 kB | 14/52 kBProgress (4): 47/301 kB | 210 kB | 14/52 kB | 16/131 kB                                                       Downloaded from central: https://repo.maven.apache.org/maven2/org/jacoco/org.jacoco.core/0.8.11/org.jacoco.core-0.8.11.jar (210 kB at 2.7 MB/s)
Progress (3): 48/301 kB | 14/52 kB | 16/131 kBProgress (3): 48/301 kB | 14/52 kB | 33/131 kBProgress (3): 48/301 kB | 14/52 kB | 49/131 kBProgress (3): 48/301 kB | 14/52 kB | 62/131 kBProgress (3): 48/301 kB | 15/52 kB | 62/131 kBProgress (3): 48/301 kB | 16/52 kB | 62/131 kBProgress (3): 48/301 kB | 16/52 kB | 79/131 kBProgress (3): 48/301 kB | 32/52 kB | 79/131 kBProgress (3): 48/301 kB | 32/52 kB | 95/131 kBProgress (3): 48/301 kB | 49/52 kB | 95/131 kBProgress (3): 48/301 kB | 52 kB | 95/131 kB   Progress (3): 48/301 kB | 52 kB | 112/131 kB                                            Downloaded from central: https://repo.maven.apache.org/maven2/org/ow2/asm/asm-tree/9.6/asm-tree-9.6.jar (52 kB at 626 kB/s)
Progress (2): 50/301 kB | 112/131 kBProgress (2): 51/301 kB | 112/131 kBProgress (2): 52/301 kB | 112/131 kBProgress (2): 54/301 kB | 112/131 kBProgress (2): 55/301 kB | 112/131 kBProgress (2): 57/301 kB | 112/131 kBProgress (2): 58/301 kB | 112/131 kBProgress (2): 59/301 kB | 112/131 kBProgress (2): 61/301 kB | 112/131 kBProgress (2): 62/301 kB | 112/131 kBProgress (2): 63/301 kB | 112/131 kBProgress (2): 65/301 kB | 112/131 kBProgress (2): 65/301 kB | 112/131 kBProgress (2): 81/301 kB | 112/131 kBProgress (2): 98/301 kB | 112/131 kBProgress (2): 114/301 kB | 112/131 kBProgress (2): 130/301 kB | 112/131 kBProgress (2): 147/301 kB | 112/131 kBProgress (2): 163/301 kB | 112/131 kBProgress (2): 180/301 kB | 112/131 kBProgress (2): 196/301 kB | 112/131 kBProgress (2): 212/301 kB | 112/131 kBProgress (2): 229/301 kB | 112/131 kBProgress (2): 229/301 kB | 128/131 kBProgress (2): 229/301 kB | 131 kB    Progress (2): 245/301 kB | 131 kB                                 Downloaded from central: https://repo.maven.apache.org/maven2/org/jacoco/org.jacoco.report/0.8.11/org.jacoco.report-0.8.11.jar (131 kB at 1.4 MB/s)
Progress (1): 262/301 kBProgress (1): 278/301 kBProgress (1): 294/301 kBProgress (1): 301 kB                        Downloaded from central: https://repo.maven.apache.org/maven2/org/jacoco/org.jacoco.agent/0.8.11/org.jacoco.agent-0.8.11-runtime.jar (301 kB at 3.1 MB/s)
[INFO] argLine set to -javaagent:/home/runner/.m2/repository/org/jacoco/org.jacoco.agent/0.8.11/org.jacoco.agent-0.8.11-runtime.jar=destfile=/home/runner/work/KebabCase/KebabCase/target/jacoco.exec
[INFO] 
[INFO] --- resources:3.3.1:resources (default-resources) @ KebabCase ---
Downloading from central: https://repo.maven.apache.org/maven2/org/codehaus/plexus/plexus-utils/3.5.1/plexus-utils-3.5.1.pom
Progress (1): 8.8 kB                    Downloaded from central: https://repo.maven.apache.org/maven2/org/codehaus/plexus/plexus-utils/3.5.1/plexus-utils-3.5.1.pom (8.8 kB at 1.8 MB/s)
Downloading from central: https://repo.maven.apache.org/maven2/org/codehaus/plexus/plexus/10/plexus-10.pom
Progress (1): 16/25 kBProgress (1): 25 kB                      Downloaded from central: https://repo.maven.apache.org/maven2/org/codehaus/plexus/plexus/10/plexus-10.pom (25 kB at 4.2 MB/s)
Downloading from central: https://repo.maven.apache.org/maven2/org/apache/maven/shared/maven-filtering/3.3.1/maven-filtering-3.3.1.pom
Progress (1): 6.0 kB                    Downloaded from central: https://repo.maven.apache.org/maven2/org/apache/maven/shared/maven-filtering/3.3.1/maven-filtering-3.3.1.pom (6.0 kB at 1.2 MB/s)
Downloading from central: https://repo.maven.apache.org/maven2/org/sonatype/plexus/plexus-build-api/0.0.7/plexus-build-api-0.0.7.pom
Progress (1): 3.2 kB                    Downloaded from central: https://repo.maven.apache.org/maven2/org/sonatype/plexus/plexus-build-api/0.0.7/plexus-build-api-0.0.7.pom (3.2 kB at 641 kB/s)
Downloading from central: https://repo.maven.apache.org/maven2/org/sonatype/spice/spice-parent/15/spice-parent-15.pom
Progress (1): 8.4 kB                    Downloaded from central: https://repo.maven.apache.org/maven2/org/sonatype/spice/spice-parent/15/spice-parent-15.pom (8.4 kB at 1.4 MB/s)
Downloading from central: https://repo.maven.apache.org/maven2/org/sonatype/forge/forge-parent/5/forge-parent-5.pom
Progress (1): 8.4 kB                    Downloaded from central: https://repo.maven.apache.org/maven2/org/sonatype/forge/forge-parent/5/forge-parent-5.pom (8.4 kB at 1.7 MB/s)
Downloading from central: https://repo.maven.apache.org/maven2/org/codehaus/plexus/plexus-utils/3.5.0/plexus-utils-3.5.0.pom
Progress (1): 8.0 kB                    Downloaded from central: https://repo.maven.apache.org/maven2/org/codehaus/plexus/plexus-utils/3.5.0/plexus-utils-3.5.0.pom (8.0 kB at 1.6 MB/s)
Downloading from central: https://repo.maven.apache.org/maven2/org/apache/commons/commons-lang3/3.12.0/commons-lang3-3.12.0.pom
Progress (1): 16/31 kBProgress (1): 31 kB                      Downloaded from central: https://repo.maven.apache.org/maven2/org/apache/commons/commons-lang3/3.12.0/commons-lang3-3.12.0.pom (31 kB at 5.1 MB/s)
Downloading from central: https://repo.maven.apache.org/maven2/org/junit/junit-bom/5.7.1/junit-bom-5.7.1.pom
Progress (1): 5.1 kB                    Downloaded from central: https://repo.maven.apache.org/maven2/org/junit/junit-bom/5.7.1/junit-bom-5.7.1.pom (5.1 kB at 1.3 MB/s)
Downloading from central: https://repo.maven.apache.org/maven2/org/codehaus/plexus/plexus-utils/3.5.1/plexus-utils-3.5.1.jar
Progress (1): 16/269 kBProgress (1): 33/269 kBProgress (1): 49/269 kBProgress (1): 65/269 kBProgress (1): 82/269 kBProgress (1): 98/269 kBProgress (1): 114/269 kBProgress (1): 131/269 kBProgress (1): 147/269 kBProgress (1): 164/269 kBProgress (1): 180/269 kBProgress (1): 196/269 kBProgress (1): 213/269 kBProgress (1): 229/269 kBProgress (1): 245/269 kBProgress (1): 262/269 kBProgress (1): 269 kB                        Downloaded from central: https://repo.maven.apache.org/maven2/org/codehaus/plexus/plexus-utils/3.5.1/plexus-utils-3.5.1.jar (269 kB at 22 MB/s)
Downloading from central: https://repo.maven.apache.org/maven2/org/apache/maven/shared/maven-filtering/3.3.1/maven-filtering-3.3.1.jar
Downloading from central: https://repo.maven.apache.org/maven2/org/sonatype/plexus/plexus-build-api/0.0.7/plexus-build-api-0.0.7.jar
Downloading from central: https://repo.maven.apache.org/maven2/org/apache/commons/commons-lang3/3.12.0/commons-lang3-3.12.0.jar
Progress (1): 16/55 kBProgress (1): 33/55 kBProgress (1): 49/55 kBProgress (1): 55 kB                      Downloaded from central: https://repo.maven.apache.org/maven2/org/apache/maven/shared/maven-filtering/3.3.1/maven-filtering-3.3.1.jar (55 kB at 9.2 MB/s)
Progress (1): 16/587 kBProgress (2): 16/587 kB | 8.5 kB                                Downloaded from central: https://repo.maven.apache.org/maven2/org/sonatype/plexus/plexus-build-api/0.0.7/plexus-build-api-0.0.7.jar (8.5 kB at 1.2 MB/s)
Progress (1): 33/587 kBProgress (1): 49/587 kBProgress (1): 62/587 kBProgress (1): 79/587 kBProgress (1): 95/587 kBProgress (1): 112/587 kBProgress (1): 128/587 kBProgress (1): 144/587 kBProgress (1): 161/587 kBProgress (1): 177/587 kBProgress (1): 194/587 kBProgress (1): 210/587 kBProgress (1): 226/587 kBProgress (1): 243/587 kBProgress (1): 259/587 kBProgress (1): 275/587 kBProgress (1): 292/587 kBProgress (1): 308/587 kBProgress (1): 325/587 kBProgress (1): 341/587 kBProgress (1): 357/587 kBProgress (1): 374/587 kBProgress (1): 390/587 kBProgress (1): 407/587 kBProgress (1): 423/587 kBProgress (1): 439/587 kBProgress (1): 456/587 kBProgress (1): 472/587 kBProgress (1): 488/587 kBProgress (1): 505/587 kBProgress (1): 521/587 kBProgress (1): 538/587 kBProgress (1): 554/587 kBProgress (1): 570/587 kBProgress (1): 587/587 kBProgress (1): 587 kB                        Downloaded from central: https://repo.maven.apache.org/maven2/org/apache/commons/commons-lang3/3.12.0/commons-lang3-3.12.0.jar (587 kB at 29 MB/s)
[INFO] Copying 1 resource from src/main/resources to target/classes
[INFO] Copying 0 resource from src/main/resources to target/classes
[INFO] 
[INFO] --- compiler:3.13.0:compile (default-compile) @ KebabCase ---
Downloading from central: https://repo.maven.apache.org/maven2/org/apache/maven/shared/maven-shared-incremental/1.1/maven-shared-incremental-1.1.pom
Progress (1): 4.7 kB                    Downloaded from central: https://repo.maven.apache.org/maven2/org/apache/maven/shared/maven-shared-incremental/1.1/maven-shared-incremental-1.1.pom (4.7 kB at 790 kB/s)
Downloading from central: https://repo.maven.apache.org/maven2/org/apache/maven/shared/maven-shared-components/19/maven-shared-components-19.pom
Progress (1): 6.4 kB                    Downloaded from central: https://repo.maven.apache.org/maven2/org/apache/maven/shared/maven-shared-components/19/maven-shared-components-19.pom (6.4 kB at 1.6 MB/s)
Downloading from central: https://repo.maven.apache.org/maven2/org/codehaus/plexus/plexus-java/1.2.0/plexus-java-1.2.0.pom
Progress (1): 4.3 kB                    Downloaded from central: https://repo.maven.apache.org/maven2/org/codehaus/plexus/plexus-java/1.2.0/plexus-java-1.2.0.pom (4.3 kB at 475 kB/s)
Downloading from central: https://repo.maven.apache.org/maven2/org/codehaus/plexus/plexus-languages/1.2.0/plexus-languages-1.2.0.pom
Progress (1): 3.2 kB                    Downloaded from central: https://repo.maven.apache.org/maven2/org/codehaus/plexus/plexus-languages/1.2.0/plexus-languages-1.2.0.pom (3.2 kB at 639 kB/s)
Downloading from central: https://repo.maven.apache.org/maven2/org/codehaus/plexus/plexus/15/plexus-15.pom
Progress (1): 16/28 kBProgress (1): 28 kB                      Downloaded from central: https://repo.maven.apache.org/maven2/org/codehaus/plexus/plexus/15/plexus-15.pom (28 kB at 5.6 MB/s)
Downloading from central: https://repo.maven.apache.org/maven2/com/thoughtworks/qdox/qdox/2.0.3/qdox-2.0.3.pom
Progress (1): 16/17 kBProgress (1): 17 kB                      Downloaded from central: https://repo.maven.apache.org/maven2/com/thoughtworks/qdox/qdox/2.0.3/qdox-2.0.3.pom (17 kB at 3.4 MB/s)
Downloading from central: https://repo.maven.apache.org/maven2/org/codehaus/plexus/plexus-compiler-api/2.15.0/plexus-compiler-api-2.15.0.pom
Progress (1): 1.4 kB                    Downloaded from central: https://repo.maven.apache.org/maven2/org/codehaus/plexus/plexus-compiler-api/2.15.0/plexus-compiler-api-2.15.0.pom (1.4 kB at 272 kB/s)
Downloading from central: https://repo.maven.apache.org/maven2/org/codehaus/plexus/plexus-compiler/2.15.0/plexus-compiler-2.15.0.pom
Progress (1): 7.6 kB                    Downloaded from central: https://repo.maven.apache.org/maven2/org/codehaus/plexus/plexus-compiler/2.15.0/plexus-compiler-2.15.0.pom (7.6 kB at 1.9 MB/s)
Downloading from central: https://repo.maven.apache.org/maven2/org/codehaus/plexus/plexus-utils/4.0.0/plexus-utils-4.0.0.pom
Progress (1): 8.7 kB                    Downloaded from central: https://repo.maven.apache.org/maven2/org/codehaus/plexus/plexus-utils/4.0.0/plexus-utils-4.0.0.pom (8.7 kB at 1.4 MB/s)
Downloading from central: https://repo.maven.apache.org/maven2/org/codehaus/plexus/plexus/13/plexus-13.pom
Progress (1): 16/27 kBProgress (1): 27 kB                      Downloaded from central: https://repo.maven.apache.org/maven2/org/codehaus/plexus/plexus/13/plexus-13.pom (27 kB at 3.9 MB/s)
Downloading from central: https://repo.maven.apache.org/maven2/org/junit/junit-bom/5.9.3/junit-bom-5.9.3.pom
Progress (1): 5.6 kB                    Downloaded from central: https://repo.maven.apache.org/maven2/org/junit/junit-bom/5.9.3/junit-bom-5.9.3.pom (5.6 kB at 938 kB/s)
Downloading from central: https://repo.maven.apache.org/maven2/org/codehaus/plexus/plexus-compiler-manager/2.15.0/plexus-compiler-manager-2.15.0.pom
Progress (1): 1.3 kB                    Downloaded from central: https://repo.maven.apache.org/maven2/org/codehaus/plexus/plexus-compiler-manager/2.15.0/plexus-compiler-manager-2.15.0.pom (1.3 kB at 270 kB/s)
Downloading from central: https://repo.maven.apache.org/maven2/org/codehaus/plexus/plexus-xml/3.0.0/plexus-xml-3.0.0.pom
Progress (1): 3.7 kB                    Downloaded from central: https://repo.maven.apache.org/maven2/org/codehaus/plexus/plexus-xml/3.0.0/plexus-xml-3.0.0.pom (3.7 kB at 748 kB/s)
Downloading from central: https://repo.maven.apache.org/maven2/org/codehaus/plexus/plexus-compiler-javac/2.15.0/plexus-compiler-javac-2.15.0.pom
Progress (1): 1.3 kB                    Downloaded from central: https://repo.maven.apache.org/maven2/org/codehaus/plexus/plexus-compiler-javac/2.15.0/plexus-compiler-javac-2.15.0.pom (1.3 kB at 258 kB/s)
Downloading from central: https://repo.maven.apache.org/maven2/org/codehaus/plexus/plexus-compilers/2.15.0/plexus-compilers-2.15.0.pom
Progress (1): 1.6 kB                    Downloaded from central: https://repo.maven.apache.org/maven2/org/codehaus/plexus/plexus-compilers/2.15.0/plexus-compilers-2.15.0.pom (1.6 kB at 313 kB/s)
Downloading from central: https://repo.maven.apache.org/maven2/org/apache/maven/shared/maven-shared-incremental/1.1/maven-shared-incremental-1.1.jar
Progress (1): 14 kB                   Downloaded from central: https://repo.maven.apache.org/maven2/org/apache/maven/shared/maven-shared-incremental/1.1/maven-shared-incremental-1.1.jar (14 kB at 2.7 MB/s)
Downloading from central: https://repo.maven.apache.org/maven2/org/codehaus/plexus/plexus-java/1.2.0/plexus-java-1.2.0.jar
Downloading from central: https://repo.maven.apache.org/maven2/org/codehaus/plexus/plexus-xml/3.0.0/plexus-xml-3.0.0.jar
Downloading from central: https://repo.maven.apache.org/maven2/org/codehaus/plexus/plexus-compiler-manager/2.15.0/plexus-compiler-manager-2.15.0.jar
Downloading from central: https://repo.maven.apache.org/maven2/org/codehaus/plexus/plexus-compiler-api/2.15.0/plexus-compiler-api-2.15.0.jar
Downloading from central: https://repo.maven.apache.org/maven2/com/thoughtworks/qdox/qdox/2.0.3/qdox-2.0.3.jar
Progress (1): 5.2 kBProgress (2): 5.2 kB | 16/334 kB                                Downloaded from central: https://repo.maven.apache.org/maven2/org/codehaus/plexus/plexus-compiler-manager/2.15.0/plexus-compiler-manager-2.15.0.jar (5.2 kB at 1.0 MB/s)
Downloading from central: https://repo.maven.apache.org/maven2/org/codehaus/plexus/plexus-compiler-javac/2.15.0/plexus-compiler-javac-2.15.0.jar
Progress (1): 32/334 kBProgress (1): 49/334 kBProgress (1): 65/334 kBProgress (1): 80/334 kBProgress (2): 80/334 kB | 16/58 kBProgress (2): 96/334 kB | 16/58 kBProgress (2): 96/334 kB | 32/58 kBProgress (2): 113/334 kB | 32/58 kBProgress (2): 113/334 kB | 49/58 kBProgress (2): 129/334 kB | 49/58 kBProgress (2): 145/334 kB | 49/58 kBProgress (2): 162/334 kB | 49/58 kBProgress (3): 162/334 kB | 49/58 kB | 16/93 kBProgress (3): 178/334 kB | 49/58 kB | 16/93 kBProgress (3): 195/334 kB | 49/58 kB | 16/93 kBProgress (3): 211/334 kB | 49/58 kB | 16/93 kBProgress (4): 211/334 kB | 49/58 kB | 16/93 kB | 16/26 kBProgress (4): 227/334 kB | 49/58 kB | 16/93 kB | 16/26 kBProgress (4): 227/334 kB | 49/58 kB | 16/93 kB | 26 kB   Progress (4): 244/334 kB | 49/58 kB | 16/93 kB | 26 kBProgress (4): 260/334 kB | 49/58 kB | 16/93 kB | 26 kB                                                      Downloaded from central: https://repo.maven.apache.org/maven2/org/codehaus/plexus/plexus-compiler-javac/2.15.0/plexus-compiler-javac-2.15.0.jar (26 kB at 2.6 MB/s)
Downloading from central: https://repo.maven.apache.org/maven2/org/codehaus/plexus/plexus-utils/4.0.0/plexus-utils-4.0.0.jar
Progress (3): 276/334 kB | 49/58 kB | 16/93 kBProgress (3): 293/334 kB | 49/58 kB | 16/93 kBProgress (3): 293/334 kB | 58 kB | 16/93 kB   Progress (3): 309/334 kB | 58 kB | 16/93 kBProgress (3): 326/334 kB | 58 kB | 16/93 kB                                           Downloaded from central: https://repo.maven.apache.org/maven2/org/codehaus/plexus/plexus-java/1.2.0/plexus-java-1.2.0.jar (58 kB at 4.8 MB/s)
Progress (2): 326/334 kB | 33/93 kBProgress (3): 326/334 kB | 33/93 kB | 16/29 kBProgress (3): 326/334 kB | 49/93 kB | 16/29 kBProgress (3): 326/334 kB | 49/93 kB | 29 kB   Progress (3): 326/334 kB | 66/93 kB | 29 kBProgress (3): 326/334 kB | 82/93 kB | 29 kB                                           Downloaded from central: https://repo.maven.apache.org/maven2/org/codehaus/plexus/plexus-compiler-api/2.15.0/plexus-compiler-api-2.15.0.jar (29 kB at 2.2 MB/s)
Progress (2): 326/334 kB | 93 kBProgress (3): 326/334 kB | 93 kB | 16/192 kBProgress (3): 334 kB | 93 kB | 16/192 kB    Progress (3): 334 kB | 93 kB | 33/192 kBProgress (3): 334 kB | 93 kB | 49/192 kBProgress (3): 334 kB | 93 kB | 62/192 kBProgress (3): 334 kB | 93 kB | 78/192 kBProgress (3): 334 kB | 93 kB | 94/192 kBProgress (3): 334 kB | 93 kB | 111/192 kB                                         Downloaded from central: https://repo.maven.apache.org/maven2/org/codehaus/plexus/plexus-xml/3.0.0/plexus-xml-3.0.0.jar (93 kB at 5.8 MB/s)
Progress (2): 334 kB | 127/192 kBProgress (2): 334 kB | 144/192 kBProgress (2): 334 kB | 160/192 kBProgress (2): 334 kB | 176/192 kBProgress (2): 334 kB | 192 kB                                 Downloaded from central: https://repo.maven.apache.org/maven2/org/codehaus/plexus/plexus-utils/4.0.0/plexus-utils-4.0.0.jar (192 kB at 11 MB/s)
Downloaded from central: https://repo.maven.apache.org/maven2/com/thoughtworks/qdox/qdox/2.0.3/qdox-2.0.3.jar (334 kB at 17 MB/s)
[INFO] Recompiling the module because of changed source code.
[INFO] Compiling 34 source files with javac [debug parameters release 17] to target/classes
[INFO] 
[INFO] --- resources:3.3.1:testResources (default-testResources) @ KebabCase ---
[INFO] skip non existing resourceDirectory /home/runner/work/KebabCase/KebabCase/src/test/resources
[INFO] 
[INFO] --- compiler:3.13.0:testCompile (default-testCompile) @ KebabCase ---
[INFO] Recompiling the module because of changed dependency.
[INFO] Compiling 14 source files with javac [debug parameters release 17] to target/test-classes
[INFO] /home/runner/work/KebabCase/KebabCase/src/test/java/dev/coms4156/project/kebabcase/UserControllerUnitTests.java: /home/runner/work/KebabCase/KebabCase/src/test/java/dev/coms4156/project/kebabcase/UserControllerUnitTests.java uses or overrides a deprecated API.
[INFO] /home/runner/work/KebabCase/KebabCase/src/test/java/dev/coms4156/project/kebabcase/UserControllerUnitTests.java: Recompile with -Xlint:deprecation for details.
[INFO] /home/runner/work/KebabCase/KebabCase/src/test/java/dev/coms4156/project/kebabcase/BuildingControllerUnitTests.java: Some input files use unchecked or unsafe operations.
[INFO] /home/runner/work/KebabCase/KebabCase/src/test/java/dev/coms4156/project/kebabcase/BuildingControllerUnitTests.java: Recompile with -Xlint:unchecked for details.
[INFO] 
[INFO] --- surefire:3.5.2:test (default-test) @ KebabCase ---
Downloading from central: https://repo.maven.apache.org/maven2/org/apache/maven/surefire/surefire-api/3.5.2/surefire-api-3.5.2.pom
Progress (1): 3.5 kB                    Downloaded from central: https://repo.maven.apache.org/maven2/org/apache/maven/surefire/surefire-api/3.5.2/surefire-api-3.5.2.pom (3.5 kB at 353 kB/s)
Downloading from central: https://repo.maven.apache.org/maven2/org/apache/maven/surefire/surefire-logger-api/3.5.2/surefire-logger-api-3.5.2.pom
Progress (1): 3.3 kB                    Downloaded from central: https://repo.maven.apache.org/maven2/org/apache/maven/surefire/surefire-logger-api/3.5.2/surefire-logger-api-3.5.2.pom (3.3 kB at 543 kB/s)
Downloading from central: https://repo.maven.apache.org/maven2/org/apache/maven/surefire/surefire-shared-utils/3.5.2/surefire-shared-utils-3.5.2.pom
Progress (1): 4.7 kB                    Downloaded from central: https://repo.maven.apache.org/maven2/org/apache/maven/surefire/surefire-shared-utils/3.5.2/surefire-shared-utils-3.5.2.pom (4.7 kB at 521 kB/s)
Downloading from central: https://repo.maven.apache.org/maven2/org/apache/maven/surefire/surefire-extensions-api/3.5.2/surefire-extensions-api-3.5.2.pom
Progress (1): 3.5 kB                    Downloaded from central: https://repo.maven.apache.org/maven2/org/apache/maven/surefire/surefire-extensions-api/3.5.2/surefire-extensions-api-3.5.2.pom (3.5 kB at 704 kB/s)
Downloading from central: https://repo.maven.apache.org/maven2/org/apache/maven/surefire/maven-surefire-common/3.5.2/maven-surefire-common-3.5.2.pom
Progress (1): 7.8 kB                    Downloaded from central: https://repo.maven.apache.org/maven2/org/apache/maven/surefire/maven-surefire-common/3.5.2/maven-surefire-common-3.5.2.pom (7.8 kB at 2.0 MB/s)
Downloading from central: https://repo.maven.apache.org/maven2/org/apache/maven/surefire/surefire-booter/3.5.2/surefire-booter-3.5.2.pom
Progress (1): 4.8 kB                    Downloaded from central: https://repo.maven.apache.org/maven2/org/apache/maven/surefire/surefire-booter/3.5.2/surefire-booter-3.5.2.pom (4.8 kB at 966 kB/s)
Downloading from central: https://repo.maven.apache.org/maven2/org/apache/maven/surefire/surefire-extensions-spi/3.5.2/surefire-extensions-spi-3.5.2.pom
Progress (1): 1.8 kB                    Downloaded from central: https://repo.maven.apache.org/maven2/org/apache/maven/surefire/surefire-extensions-spi/3.5.2/surefire-extensions-spi-3.5.2.pom (1.8 kB at 352 kB/s)
Downloading from central: https://repo.maven.apache.org/maven2/org/codehaus/plexus/plexus-java/1.3.0/plexus-java-1.3.0.pom
Progress (1): 14 kB                   Downloaded from central: https://repo.maven.apache.org/maven2/org/codehaus/plexus/plexus-java/1.3.0/plexus-java-1.3.0.pom (14 kB at 2.3 MB/s)
Downloading from central: https://repo.maven.apache.org/maven2/org/ow2/asm/asm/9.7/asm-9.7.pom
Progress (1): 2.4 kB                    Downloaded from central: https://repo.maven.apache.org/maven2/org/ow2/asm/asm/9.7/asm-9.7.pom (2.4 kB at 592 kB/s)
Downloading from central: https://repo.maven.apache.org/maven2/com/thoughtworks/qdox/qdox/2.1.0/qdox-2.1.0.pom
Progress (1): 16/18 kBProgress (1): 18 kB                      Downloaded from central: https://repo.maven.apache.org/maven2/com/thoughtworks/qdox/qdox/2.1.0/qdox-2.1.0.pom (18 kB at 3.5 MB/s)
Downloading from central: https://repo.maven.apache.org/maven2/org/apache/maven/surefire/surefire-api/3.5.2/surefire-api-3.5.2.jar
Progress (1): 16/171 kBProgress (1): 33/171 kBProgress (1): 49/171 kBProgress (1): 64/171 kBProgress (1): 81/171 kBProgress (1): 97/171 kBProgress (1): 113/171 kBProgress (1): 130/171 kBProgress (1): 146/171 kBProgress (1): 163/171 kBProgress (1): 171 kB                        Downloaded from central: https://repo.maven.apache.org/maven2/org/apache/maven/surefire/surefire-api/3.5.2/surefire-api-3.5.2.jar (171 kB at 21 MB/s)
Downloading from central: https://repo.maven.apache.org/maven2/org/apache/maven/surefire/surefire-logger-api/3.5.2/surefire-logger-api-3.5.2.jar
Downloading from central: https://repo.maven.apache.org/maven2/org/apache/maven/surefire/surefire-shared-utils/3.5.2/surefire-shared-utils-3.5.2.jar
Downloading from central: https://repo.maven.apache.org/maven2/org/apache/maven/surefire/surefire-extensions-api/3.5.2/surefire-extensions-api-3.5.2.jar
Downloading from central: https://repo.maven.apache.org/maven2/org/apache/maven/surefire/maven-surefire-common/3.5.2/maven-surefire-common-3.5.2.jar
Downloading from central: https://repo.maven.apache.org/maven2/org/apache/maven/surefire/surefire-booter/3.5.2/surefire-booter-3.5.2.jar
Progress (1): 14 kB                   Downloaded from central: https://repo.maven.apache.org/maven2/org/apache/maven/surefire/surefire-logger-api/3.5.2/surefire-logger-api-3.5.2.jar (14 kB at 1.9 MB/s)
Downloading from central: https://repo.maven.apache.org/maven2/org/apache/maven/surefire/surefire-extensions-spi/3.5.2/surefire-extensions-spi-3.5.2.jar
Progress (1): 16/26 kBProgress (1): 26 kB                      Downloaded from central: https://repo.maven.apache.org/maven2/org/apache/maven/surefire/surefire-extensions-api/3.5.2/surefire-extensions-api-3.5.2.jar (26 kB at 2.9 MB/s)
Downloading from central: https://repo.maven.apache.org/maven2/org/codehaus/plexus/plexus-java/1.3.0/plexus-java-1.3.0.jar
Progress (1): 16/311 kBProgress (1): 33/311 kBProgress (1): 49/311 kBProgress (2): 49/311 kB | 16/118 kBProgress (2): 49/311 kB | 33/118 kBProgress (3): 49/311 kB | 33/118 kB | 0/2.8 MBProgress (3): 49/311 kB | 49/118 kB | 0/2.8 MBProgress (3): 49/311 kB | 49/118 kB | 0/2.8 MBProgress (3): 49/311 kB | 66/118 kB | 0/2.8 MBProgress (3): 49/311 kB | 82/118 kB | 0/2.8 MBProgress (3): 49/311 kB | 82/118 kB | 0/2.8 MBProgress (3): 49/311 kB | 82/118 kB | 0.1/2.8 MBProgress (4): 49/311 kB | 82/118 kB | 0.1/2.8 MB | 8.2 kBProgress (4): 49/311 kB | 82/118 kB | 0.1/2.8 MB | 8.2 kBProgress (4): 49/311 kB | 82/118 kB | 0.1/2.8 MB | 8.2 kBProgress (4): 49/311 kB | 82/118 kB | 0.1/2.8 MB | 8.2 kBProgress (4): 49/311 kB | 82/118 kB | 0.1/2.8 MB | 8.2 kBProgress (4): 49/311 kB | 82/118 kB | 0.1/2.8 MB | 8.2 kBProgress (4): 49/311 kB | 82/118 kB | 0.2/2.8 MB | 8.2 kB                                                         Downloaded from central: https://repo.maven.apache.org/maven2/org/apache/maven/surefire/surefire-extensions-spi/3.5.2/surefire-extensions-spi-3.5.2.jar (8.2 kB at 683 kB/s)
Downloading from central: https://repo.maven.apache.org/maven2/org/ow2/asm/asm/9.7/asm-9.7.jar
Progress (4): 49/311 kB | 82/118 kB | 0.2/2.8 MB | 16/57 kBProgress (4): 49/311 kB | 82/118 kB | 0.2/2.8 MB | 33/57 kBProgress (4): 49/311 kB | 82/118 kB | 0.2/2.8 MB | 49/57 kBProgress (4): 49/311 kB | 82/118 kB | 0.2/2.8 MB | 57 kB                                                           Downloaded from central: https://repo.maven.apache.org/maven2/org/codehaus/plexus/plexus-java/1.3.0/plexus-java-1.3.0.jar (57 kB at 4.1 MB/s)
Progress (3): 49/311 kB | 82/118 kB | 0.2/2.8 MBProgress (3): 49/311 kB | 82/118 kB | 0.2/2.8 MBProgress (3): 49/311 kB | 82/118 kB | 0.2/2.8 MBProgress (3): 49/311 kB | 82/118 kB | 0.2/2.8 MBProgress (3): 49/311 kB | 82/118 kB | 0.2/2.8 MBProgress (4): 49/311 kB | 82/118 kB | 0.2/2.8 MB | 16/125 kB                                                            Downloading from central: https://repo.maven.apache.org/maven2/com/thoughtworks/qdox/qdox/2.1.0/qdox-2.1.0.jar
Progress (4): 49/311 kB | 82/118 kB | 0.2/2.8 MB | 33/125 kBProgress (4): 49/311 kB | 82/118 kB | 0.3/2.8 MB | 33/125 kBProgress (4): 49/311 kB | 82/118 kB | 0.3/2.8 MB | 33/125 kBProgress (4): 49/311 kB | 82/118 kB | 0.3/2.8 MB | 33/125 kBProgress (4): 49/311 kB | 82/118 kB | 0.3/2.8 MB | 33/125 kBProgress (4): 49/311 kB | 82/118 kB | 0.3/2.8 MB | 33/125 kBProgress (4): 49/311 kB | 82/118 kB | 0.3/2.8 MB | 33/125 kBProgress (4): 49/311 kB | 82/118 kB | 0.4/2.8 MB | 33/125 kBProgress (4): 49/311 kB | 82/118 kB | 0.4/2.8 MB | 33/125 kBProgress (4): 49/311 kB | 82/118 kB | 0.4/2.8 MB | 33/125 kBProgress (4): 49/311 kB | 82/118 kB | 0.4/2.8 MB | 33/125 kBProgress (4): 49/311 kB | 82/118 kB | 0.4/2.8 MB | 33/125 kBProgress (4): 49/311 kB | 82/118 kB | 0.4/2.8 MB | 49/125 kBProgress (4): 49/311 kB | 82/118 kB | 0.4/2.8 MB | 49/125 kBProgress (4): 49/311 kB | 82/118 kB | 0.4/2.8 MB | 66/125 kBProgress (4): 49/311 kB | 82/118 kB | 0.5/2.8 MB | 66/125 kBProgress (4): 49/311 kB | 82/118 kB | 0.5/2.8 MB | 82/125 kBProgress (4): 49/311 kB | 82/118 kB | 0.5/2.8 MB | 82/125 kBProgress (4): 49/311 kB | 82/118 kB | 0.5/2.8 MB | 98/125 kBProgress (4): 49/311 kB | 82/118 kB | 0.5/2.8 MB | 98/125 kBProgress (4): 49/311 kB | 82/118 kB | 0.5/2.8 MB | 115/125 kBProgress (4): 49/311 kB | 82/118 kB | 0.5/2.8 MB | 115/125 kBProgress (4): 49/311 kB | 82/118 kB | 0.5/2.8 MB | 115/125 kBProgress (4): 65/311 kB | 82/118 kB | 0.5/2.8 MB | 115/125 kBProgress (4): 82/311 kB | 82/118 kB | 0.5/2.8 MB | 115/125 kBProgress (5): 82/311 kB | 82/118 kB | 0.5/2.8 MB | 115/125 kB | 16/348 kBProgress (5): 98/311 kB | 82/118 kB | 0.5/2.8 MB | 115/125 kB | 16/348 kBProgress (5): 98/311 kB | 82/118 kB | 0.5/2.8 MB | 115/125 kB | 33/348 kBProgress (5): 114/311 kB | 82/118 kB | 0.5/2.8 MB | 115/125 kB | 33/348 kBProgress (5): 114/311 kB | 82/118 kB | 0.5/2.8 MB | 115/125 kB | 40/348 kBProgress (5): 131/311 kB | 82/118 kB | 0.5/2.8 MB | 115/125 kB | 40/348 kBProgress (5): 131/311 kB | 98/118 kB | 0.5/2.8 MB | 115/125 kB | 40/348 kBProgress (5): 131/311 kB | 98/118 kB | 0.5/2.8 MB | 125 kB | 40/348 kB    Progress (5): 131/311 kB | 115/118 kB | 0.5/2.8 MB | 125 kB | 40/348 kBProgress (5): 131/311 kB | 118 kB | 0.5/2.8 MB | 125 kB | 40/348 kB                                                                       Downloaded from central: https://repo.maven.apache.org/maven2/org/ow2/asm/asm/9.7/asm-9.7.jar (125 kB at 5.2 MB/s)
Progress (4): 147/311 kB | 118 kB | 0.5/2.8 MB | 40/348 kBProgress (4): 163/311 kB | 118 kB | 0.5/2.8 MB | 40/348 kB                                                          Downloaded from central: https://repo.maven.apache.org/maven2/org/apache/maven/surefire/surefire-booter/3.5.2/surefire-booter-3.5.2.jar (118 kB at 4.5 MB/s)
Progress (3): 163/311 kB | 0.5/2.8 MB | 56/348 kBProgress (3): 180/311 kB | 0.5/2.8 MB | 56/348 kBProgress (3): 180/311 kB | 0.5/2.8 MB | 72/348 kBProgress (3): 196/311 kB | 0.5/2.8 MB | 72/348 kBProgress (3): 196/311 kB | 0.5/2.8 MB | 89/348 kBProgress (3): 213/311 kB | 0.5/2.8 MB | 89/348 kBProgress (3): 213/311 kB | 0.5/2.8 MB | 105/348 kBProgress (3): 229/311 kB | 0.5/2.8 MB | 105/348 kBProgress (3): 229/311 kB | 0.5/2.8 MB | 122/348 kBProgress (3): 245/311 kB | 0.5/2.8 MB | 122/348 kBProgress (3): 245/311 kB | 0.5/2.8 MB | 130/348 kBProgress (3): 262/311 kB | 0.5/2.8 MB | 130/348 kBProgress (3): 262/311 kB | 0.5/2.8 MB | 146/348 kBProgress (3): 278/311 kB | 0.5/2.8 MB | 146/348 kBProgress (3): 278/311 kB | 0.5/2.8 MB | 163/348 kBProgress (3): 295/311 kB | 0.5/2.8 MB | 163/348 kBProgress (3): 295/311 kB | 0.5/2.8 MB | 179/348 kBProgress (3): 311/311 kB | 0.5/2.8 MB | 179/348 kBProgress (3): 311 kB | 0.5/2.8 MB | 179/348 kB    Progress (3): 311 kB | 0.5/2.8 MB | 195/348 kBProgress (3): 311 kB | 0.5/2.8 MB | 212/348 kB                                              Downloaded from central: https://repo.maven.apache.org/maven2/org/apache/maven/surefire/maven-surefire-common/3.5.2/maven-surefire-common-3.5.2.jar (311 kB at 11 MB/s)
Progress (2): 0.5/2.8 MB | 228/348 kBProgress (2): 0.5/2.8 MB | 245/348 kBProgress (2): 0.5/2.8 MB | 261/348 kBProgress (2): 0.5/2.8 MB | 277/348 kBProgress (2): 0.5/2.8 MB | 294/348 kBProgress (2): 0.5/2.8 MB | 310/348 kBProgress (2): 0.5/2.8 MB | 326/348 kBProgress (2): 0.5/2.8 MB | 343/348 kBProgress (2): 0.5/2.8 MB | 348 kB                                     Downloaded from central: https://repo.maven.apache.org/maven2/com/thoughtworks/qdox/qdox/2.1.0/qdox-2.1.0.jar (348 kB at 12 MB/s)
Progress (1): 0.5/2.8 MBProgress (1): 0.6/2.8 MBProgress (1): 0.6/2.8 MBProgress (1): 0.6/2.8 MBProgress (1): 0.6/2.8 MBProgress (1): 0.6/2.8 MBProgress (1): 0.6/2.8 MBProgress (1): 0.7/2.8 MBProgress (1): 0.7/2.8 MBProgress (1): 0.7/2.8 MBProgress (1): 0.7/2.8 MBProgress (1): 0.7/2.8 MBProgress (1): 0.7/2.8 MBProgress (1): 0.7/2.8 MBProgress (1): 0.8/2.8 MBProgress (1): 0.8/2.8 MBProgress (1): 0.8/2.8 MBProgress (1): 0.8/2.8 MBProgress (1): 0.8/2.8 MBProgress (1): 0.8/2.8 MBProgress (1): 0.9/2.8 MBProgress (1): 0.9/2.8 MBProgress (1): 0.9/2.8 MBProgress (1): 0.9/2.8 MBProgress (1): 0.9/2.8 MBProgress (1): 0.9/2.8 MBProgress (1): 1.0/2.8 MBProgress (1): 1.0/2.8 MBProgress (1): 1.0/2.8 MBProgress (1): 1.0/2.8 MBProgress (1): 1.0/2.8 MBProgress (1): 1.0/2.8 MBProgress (1): 1.1/2.8 MBProgress (1): 1.1/2.8 MBProgress (1): 1.1/2.8 MBProgress (1): 1.1/2.8 MBProgress (1): 1.1/2.8 MBProgress (1): 1.1/2.8 MBProgress (1): 1.2/2.8 MBProgress (1): 1.2/2.8 MBProgress (1): 1.2/2.8 MBProgress (1): 1.2/2.8 MBProgress (1): 1.2/2.8 MBProgress (1): 1.2/2.8 MBProgress (1): 1.3/2.8 MBProgress (1): 1.3/2.8 MBProgress (1): 1.3/2.8 MBProgress (1): 1.3/2.8 MBProgress (1): 1.3/2.8 MBProgress (1): 1.3/2.8 MBProgress (1): 1.3/2.8 MBProgress (1): 1.4/2.8 MBProgress (1): 1.4/2.8 MBProgress (1): 1.4/2.8 MBProgress (1): 1.4/2.8 MBProgress (1): 1.4/2.8 MBProgress (1): 1.4/2.8 MBProgress (1): 1.5/2.8 MBProgress (1): 1.5/2.8 MBProgress (1): 1.5/2.8 MBProgress (1): 1.5/2.8 MBProgress (1): 1.5/2.8 MBProgress (1): 1.5/2.8 MBProgress (1): 1.6/2.8 MBProgress (1): 1.6/2.8 MBProgress (1): 1.6/2.8 MBProgress (1): 1.6/2.8 MBProgress (1): 1.6/2.8 MBProgress (1): 1.6/2.8 MBProgress (1): 1.7/2.8 MBProgress (1): 1.7/2.8 MBProgress (1): 1.7/2.8 MBProgress (1): 1.7/2.8 MBProgress (1): 1.7/2.8 MBProgress (1): 1.7/2.8 MBProgress (1): 1.8/2.8 MBProgress (1): 1.8/2.8 MBProgress (1): 1.8/2.8 MBProgress (1): 1.8/2.8 MBProgress (1): 1.8/2.8 MBProgress (1): 1.8/2.8 MBProgress (1): 1.9/2.8 MBProgress (1): 1.9/2.8 MBProgress (1): 1.9/2.8 MBProgress (1): 1.9/2.8 MBProgress (1): 1.9/2.8 MBProgress (1): 1.9/2.8 MBProgress (1): 2.0/2.8 MBProgress (1): 2.0/2.8 MBProgress (1): 2.0/2.8 MBProgress (1): 2.0/2.8 MBProgress (1): 2.0/2.8 MBProgress (1): 2.0/2.8 MBProgress (1): 2.0/2.8 MBProgress (1): 2.1/2.8 MBProgress (1): 2.1/2.8 MBProgress (1): 2.1/2.8 MBProgress (1): 2.1/2.8 MBProgress (1): 2.1/2.8 MBProgress (1): 2.1/2.8 MBProgress (1): 2.2/2.8 MBProgress (1): 2.2/2.8 MBProgress (1): 2.2/2.8 MBProgress (1): 2.2/2.8 MBProgress (1): 2.2/2.8 MBProgress (1): 2.2/2.8 MBProgress (1): 2.3/2.8 MBProgress (1): 2.3/2.8 MBProgress (1): 2.3/2.8 MBProgress (1): 2.3/2.8 MBProgress (1): 2.3/2.8 MBProgress (1): 2.3/2.8 MBProgress (1): 2.4/2.8 MBProgress (1): 2.4/2.8 MBProgress (1): 2.4/2.8 MBProgress (1): 2.4/2.8 MBProgress (1): 2.4/2.8 MBProgress (1): 2.4/2.8 MBProgress (1): 2.5/2.8 MBProgress (1): 2.5/2.8 MBProgress (1): 2.5/2.8 MBProgress (1): 2.5/2.8 MBProgress (1): 2.5/2.8 MBProgress (1): 2.5/2.8 MBProgress (1): 2.6/2.8 MBProgress (1): 2.6/2.8 MBProgress (1): 2.6/2.8 MBProgress (1): 2.6/2.8 MBProgress (1): 2.6/2.8 MBProgress (1): 2.6/2.8 MBProgress (1): 2.7/2.8 MBProgress (1): 2.7/2.8 MBProgress (1): 2.7/2.8 MBProgress (1): 2.7/2.8 MBProgress (1): 2.7/2.8 MBProgress (1): 2.7/2.8 MBProgress (1): 2.7/2.8 MBProgress (1): 2.8/2.8 MBProgress (1): 2.8/2.8 MBProgress (1): 2.8/2.8 MBProgress (1): 2.8/2.8 MBProgress (1): 2.8 MB                        Downloaded from central: https://repo.maven.apache.org/maven2/org/apache/maven/surefire/surefire-shared-utils/3.5.2/surefire-shared-utils-3.5.2.jar (2.8 MB at 39 MB/s)
[INFO] Using auto detected provider org.apache.maven.surefire.junitplatform.JUnitPlatformProvider
Downloading from central: https://repo.maven.apache.org/maven2/org/apache/maven/surefire/surefire-junit-platform/3.5.2/surefire-junit-platform-3.5.2.pom
Progress (1): 5.7 kB                    Downloaded from central: https://repo.maven.apache.org/maven2/org/apache/maven/surefire/surefire-junit-platform/3.5.2/surefire-junit-platform-3.5.2.pom (5.7 kB at 633 kB/s)
Downloading from central: https://repo.maven.apache.org/maven2/org/apache/maven/surefire/surefire-providers/3.5.2/surefire-providers-3.5.2.pom
Progress (1): 2.6 kB                    Downloaded from central: https://repo.maven.apache.org/maven2/org/apache/maven/surefire/surefire-providers/3.5.2/surefire-providers-3.5.2.pom (2.6 kB at 522 kB/s)
Downloading from central: https://repo.maven.apache.org/maven2/org/apache/maven/surefire/common-java5/3.5.2/common-java5-3.5.2.pom
Progress (1): 2.8 kB                    Downloaded from central: https://repo.maven.apache.org/maven2/org/apache/maven/surefire/common-java5/3.5.2/common-java5-3.5.2.pom (2.8 kB at 690 kB/s)
Downloading from central: https://repo.maven.apache.org/maven2/org/junit/platform/junit-platform-engine/1.9.3/junit-platform-engine-1.9.3.pom
Progress (1): 3.2 kB                    Downloaded from central: https://repo.maven.apache.org/maven2/org/junit/platform/junit-platform-engine/1.9.3/junit-platform-engine-1.9.3.pom (3.2 kB at 1.1 MB/s)
Downloading from central: https://repo.maven.apache.org/maven2/org/opentest4j/opentest4j/1.2.0/opentest4j-1.2.0.pom
Progress (1): 1.7 kB                    Downloaded from central: https://repo.maven.apache.org/maven2/org/opentest4j/opentest4j/1.2.0/opentest4j-1.2.0.pom (1.7 kB at 280 kB/s)
Downloading from central: https://repo.maven.apache.org/maven2/org/junit/platform/junit-platform-commons/1.9.3/junit-platform-commons-1.9.3.pom
Progress (1): 2.8 kB                    Downloaded from central: https://repo.maven.apache.org/maven2/org/junit/platform/junit-platform-commons/1.9.3/junit-platform-commons-1.9.3.pom (2.8 kB at 708 kB/s)
Downloading from central: https://repo.maven.apache.org/maven2/org/junit/platform/junit-platform-launcher/1.9.3/junit-platform-launcher-1.9.3.pom
Progress (1): 3.0 kB                    Downloaded from central: https://repo.maven.apache.org/maven2/org/junit/platform/junit-platform-launcher/1.9.3/junit-platform-launcher-1.9.3.pom (3.0 kB at 756 kB/s)
Downloading from central: https://repo.maven.apache.org/maven2/org/apache/maven/surefire/surefire-junit-platform/3.5.2/surefire-junit-platform-3.5.2.jar
Progress (1): 16/27 kBProgress (1): 27 kB                      Downloaded from central: https://repo.maven.apache.org/maven2/org/apache/maven/surefire/surefire-junit-platform/3.5.2/surefire-junit-platform-3.5.2.jar (27 kB at 5.5 MB/s)
Downloading from central: https://repo.maven.apache.org/maven2/org/apache/maven/surefire/common-java5/3.5.2/common-java5-3.5.2.jar
Downloading from central: https://repo.maven.apache.org/maven2/org/junit/platform/junit-platform-engine/1.9.3/junit-platform-engine-1.9.3.jar
Downloading from central: https://repo.maven.apache.org/maven2/org/opentest4j/opentest4j/1.2.0/opentest4j-1.2.0.jar
Downloading from central: https://repo.maven.apache.org/maven2/org/junit/platform/junit-platform-commons/1.9.3/junit-platform-commons-1.9.3.jar
Downloading from central: https://repo.maven.apache.org/maven2/org/junit/platform/junit-platform-launcher/1.9.3/junit-platform-launcher-1.9.3.jar
Progress (1): 16/18 kBProgress (1): 18 kB                      Downloaded from central: https://repo.maven.apache.org/maven2/org/apache/maven/surefire/common-java5/3.5.2/common-java5-3.5.2.jar (18 kB at 3.5 MB/s)
Progress (1): 16/189 kBProgress (1): 33/189 kBProgress (2): 33/189 kB | 7.7 kBProgress (2): 49/189 kB | 7.7 kBProgress (2): 62/189 kB | 7.7 kB                                Downloaded from central: https://repo.maven.apache.org/maven2/org/opentest4j/opentest4j/1.2.0/opentest4j-1.2.0.jar (7.7 kB at 1.3 MB/s)
Progress (2): 62/189 kB | 16/103 kBProgress (2): 79/189 kB | 16/103 kBProgress (3): 79/189 kB | 16/103 kB | 16/169 kBProgress (3): 95/189 kB | 16/103 kB | 16/169 kBProgress (3): 95/189 kB | 33/103 kB | 16/169 kBProgress (3): 95/189 kB | 33/103 kB | 33/169 kBProgress (3): 111/189 kB | 33/103 kB | 33/169 kBProgress (3): 111/189 kB | 33/103 kB | 49/169 kBProgress (3): 128/189 kB | 33/103 kB | 49/169 kBProgress (3): 128/189 kB | 33/103 kB | 65/169 kBProgress (3): 144/189 kB | 33/103 kB | 65/169 kBProgress (3): 144/189 kB | 49/103 kB | 65/169 kBProgress (3): 144/189 kB | 49/103 kB | 81/169 kBProgress (3): 161/189 kB | 49/103 kB | 81/169 kBProgress (3): 161/189 kB | 66/103 kB | 81/169 kBProgress (3): 161/189 kB | 66/103 kB | 97/169 kBProgress (3): 177/189 kB | 66/103 kB | 97/169 kBProgress (3): 177/189 kB | 82/103 kB | 97/169 kBProgress (3): 177/189 kB | 82/103 kB | 114/169 kBProgress (3): 189 kB | 82/103 kB | 114/169 kB    Progress (3): 189 kB | 98/103 kB | 114/169 kBProgress (3): 189 kB | 98/103 kB | 130/169 kBProgress (3): 189 kB | 103 kB | 130/169 kB   Progress (3): 189 kB | 103 kB | 146/169 kBProgress (3): 189 kB | 103 kB | 163/169 kB                                          Downloaded from central: https://repo.maven.apache.org/maven2/org/junit/platform/junit-platform-commons/1.9.3/junit-platform-commons-1.9.3.jar (103 kB at 13 MB/s)
Progress (2): 189 kB | 169 kB                             Downloaded from central: https://repo.maven.apache.org/maven2/org/junit/platform/junit-platform-engine/1.9.3/junit-platform-engine-1.9.3.jar (189 kB at 17 MB/s)
Downloaded from central: https://repo.maven.apache.org/maven2/org/junit/platform/junit-platform-launcher/1.9.3/junit-platform-launcher-1.9.3.jar (169 kB at 19 MB/s)
Downloading from central: https://repo.maven.apache.org/maven2/org/junit/platform/junit-platform-launcher/1.11.3/junit-platform-launcher-1.11.3.pom
Progress (1): 3.0 kB                    Downloaded from central: https://repo.maven.apache.org/maven2/org/junit/platform/junit-platform-launcher/1.11.3/junit-platform-launcher-1.11.3.pom (3.0 kB at 606 kB/s)
Downloading from central: https://repo.maven.apache.org/maven2/org/junit/platform/junit-platform-launcher/1.11.3/junit-platform-launcher-1.11.3.jar
Progress (1): 16/189 kBProgress (1): 32/189 kBProgress (1): 49/189 kBProgress (1): 65/189 kBProgress (1): 81/189 kBProgress (1): 98/189 kBProgress (1): 114/189 kBProgress (1): 130/189 kBProgress (1): 147/189 kBProgress (1): 163/189 kBProgress (1): 180/189 kBProgress (1): 189 kB                        Downloaded from central: https://repo.maven.apache.org/maven2/org/junit/platform/junit-platform-launcher/1.11.3/junit-platform-launcher-1.11.3.jar (189 kB at 21 MB/s)
[INFO] 
[INFO] -------------------------------------------------------
[INFO]  T E S T S
[INFO] -------------------------------------------------------
[INFO] Running dev.coms4156.project.kebabcase.MySQLIntegrationTests
05:07:50.373 [main] INFO org.springframework.test.context.support.AnnotationConfigContextLoaderUtils -- Could not detect default configuration classes for test class [dev.coms4156.project.kebabcase.MySQLIntegrationTests]: MySQLIntegrationTests does not declare any static, non-private, non-final, nested classes annotated with @Configuration.
05:07:50.468 [main] INFO org.testcontainers.images.PullPolicy -- Image pull policy will be performed by: DefaultPullPolicy()
05:07:50.473 [main] INFO org.testcontainers.utility.ImageNameSubstitutor -- Image name substitution will be performed by: DefaultImageNameSubstitutor (composite of 'ConfigurationFileImageNameSubstitutor' and 'PrefixingImageNameSubstitutor')
05:07:50.511 [main] INFO org.testcontainers.DockerClientFactory -- Testcontainers version: 1.20.4
05:07:51.335 [main] INFO org.testcontainers.dockerclient.DockerClientProviderStrategy -- Found Docker environment with local Unix socket (unix:///var/run/docker.sock)
05:07:51.342 [main] INFO org.testcontainers.DockerClientFactory -- Docker host IP address is localhost
05:07:51.362 [main] INFO org.testcontainers.DockerClientFactory -- Connected to docker: 
  Server Version: 26.1.3
  API Version: 1.45
  Operating System: Ubuntu 22.04.5 LTS
  Total Memory: 15981 MB
05:07:51.414 [main] INFO tc.testcontainers/ryuk:0.11.0 -- Pulling docker image: testcontainers/ryuk:0.11.0. Please be patient; this may take some time but only needs to be done once.
05:07:51.943 [docker-java-stream--1295187651] INFO tc.testcontainers/ryuk:0.11.0 -- Starting to pull image
05:07:51.984 [docker-java-stream--1295187651] INFO tc.testcontainers/ryuk:0.11.0 -- Pulling image layers:  0 pending,  0 downloaded,  0 extracted, (0 bytes/0 bytes)
05:07:52.181 [docker-java-stream--1295187651] INFO tc.testcontainers/ryuk:0.11.0 -- Pulling image layers:  2 pending,  1 downloaded,  0 extracted, (44 KB/? MB)
05:07:52.207 [docker-java-stream--1295187651] INFO tc.testcontainers/ryuk:0.11.0 -- Pulling image layers:  1 pending,  2 downloaded,  0 extracted, (3 MB/? MB)
05:07:52.276 [docker-java-stream--1295187651] INFO tc.testcontainers/ryuk:0.11.0 -- Pulling image layers:  0 pending,  3 downloaded,  0 extracted, (3 MB/10 MB)
05:07:52.329 [docker-java-stream--1295187651] INFO tc.testcontainers/ryuk:0.11.0 -- Pulling image layers:  0 pending,  3 downloaded,  1 extracted, (3 MB/10 MB)
05:07:52.508 [docker-java-stream--1295187651] INFO tc.testcontainers/ryuk:0.11.0 -- Pulling image layers:  0 pending,  3 downloaded,  2 extracted, (4 MB/10 MB)
05:07:52.547 [docker-java-stream--1295187651] INFO tc.testcontainers/ryuk:0.11.0 -- Pulling image layers:  0 pending,  3 downloaded,  3 extracted, (10 MB/10 MB)
05:07:52.554 [main] INFO tc.testcontainers/ryuk:0.11.0 -- Image testcontainers/ryuk:0.11.0 pull took PT1.139118379S
05:07:52.587 [main] INFO tc.testcontainers/ryuk:0.11.0 -- Creating container for image: testcontainers/ryuk:0.11.0
05:07:52.695 [main] INFO tc.testcontainers/ryuk:0.11.0 -- Container testcontainers/ryuk:0.11.0 is starting: 8123fdf982a01afdac9965f4859a5e87e18dc193924936a860dc01b8fead30c4
05:07:53.132 [main] INFO tc.testcontainers/ryuk:0.11.0 -- Container testcontainers/ryuk:0.11.0 started in PT0.544530798S
05:07:53.138 [main] INFO org.testcontainers.utility.RyukResourceReaper -- Ryuk started - will monitor and terminate Testcontainers containers on JVM exit
05:07:53.138 [main] INFO org.testcontainers.DockerClientFactory -- Checking the system...
05:07:53.139 [main] INFO org.testcontainers.DockerClientFactory --  Docker server version should be at least 1.6.0
05:07:53.144 [main] INFO tc.mysql:8.0 -- Pulling docker image: mysql:8.0. Please be patient; this may take some time but only needs to be done once.
05:07:53.523 [docker-java-stream--1621393103] INFO tc.mysql:8.0 -- Starting to pull image
05:07:53.524 [docker-java-stream--1621393103] INFO tc.mysql:8.0 -- Pulling image layers:  0 pending,  0 downloaded,  0 extracted, (0 bytes/0 bytes)
05:07:53.730 [docker-java-stream--1621393103] INFO tc.mysql:8.0 -- Pulling image layers: 10 pending,  1 downloaded,  0 extracted, (10 KB/? MB)
05:07:53.739 [docker-java-stream--1621393103] INFO tc.mysql:8.0 -- Pulling image layers:  9 pending,  2 downloaded,  0 extracted, (10 KB/? MB)
05:07:53.846 [docker-java-stream--1621393103] INFO tc.mysql:8.0 -- Pulling image layers:  8 pending,  3 downloaded,  0 extracted, (504 KB/? MB)
05:07:53.874 [docker-java-stream--1621393103] INFO tc.mysql:8.0 -- Pulling image layers:  7 pending,  4 downloaded,  0 extracted, (25 MB/? MB)
05:07:53.937 [docker-java-stream--1621393103] INFO tc.mysql:8.0 -- Pulling image layers:  6 pending,  5 downloaded,  0 extracted, (25 MB/? MB)
05:07:53.960 [docker-java-stream--1621393103] INFO tc.mysql:8.0 -- Pulling image layers:  5 pending,  6 downloaded,  0 extracted, (25 MB/? MB)
05:07:54.060 [docker-java-stream--1621393103] INFO tc.mysql:8.0 -- Pulling image layers:  4 pending,  7 downloaded,  0 extracted, (25 MB/? MB)
05:07:54.194 [docker-java-stream--1621393103] INFO tc.mysql:8.0 -- Pulling image layers:  3 pending,  8 downloaded,  0 extracted, (69 MB/? MB)
05:07:54.258 [docker-java-stream--1621393103] INFO tc.mysql:8.0 -- Pulling image layers:  2 pending,  9 downloaded,  0 extracted, (88 MB/? MB)
05:07:54.304 [docker-java-stream--1621393103] INFO tc.mysql:8.0 -- Pulling image layers:  1 pending, 10 downloaded,  0 extracted, (92 MB/? MB)
05:07:54.574 [docker-java-stream--1621393103] INFO tc.mysql:8.0 -- Pulling image layers:  0 pending, 11 downloaded,  0 extracted, (118 MB/163 MB)
05:07:55.194 [docker-java-stream--1621393103] INFO tc.mysql:8.0 -- Pulling image layers:  0 pending, 11 downloaded,  1 extracted, (139 MB/163 MB)
05:07:55.536 [docker-java-stream--1621393103] INFO tc.mysql:8.0 -- Pulling image layers:  0 pending, 11 downloaded,  2 extracted, (139 MB/163 MB)
05:07:55.561 [docker-java-stream--1621393103] INFO tc.mysql:8.0 -- Pulling image layers:  0 pending, 11 downloaded,  3 extracted, (140 MB/163 MB)
05:07:55.775 [docker-java-stream--1621393103] INFO tc.mysql:8.0 -- Pulling image layers:  0 pending, 11 downloaded,  4 extracted, (147 MB/163 MB)
05:07:55.785 [docker-java-stream--1621393103] INFO tc.mysql:8.0 -- Pulling image layers:  0 pending, 11 downloaded,  5 extracted, (147 MB/163 MB)
05:07:55.795 [docker-java-stream--1621393103] INFO tc.mysql:8.0 -- Pulling image layers:  0 pending, 11 downloaded,  6 extracted, (147 MB/163 MB)
05:07:56.636 [docker-java-stream--1621393103] INFO tc.mysql:8.0 -- Pulling image layers:  0 pending, 11 downloaded,  7 extracted, (151 MB/163 MB)
05:07:56.646 [docker-java-stream--1621393103] INFO tc.mysql:8.0 -- Pulling image layers:  0 pending, 11 downloaded,  8 extracted, (151 MB/163 MB)
05:08:02.299 [docker-java-stream--1621393103] INFO tc.mysql:8.0 -- Pulling image layers:  0 pending, 11 downloaded,  9 extracted, (163 MB/163 MB)
05:08:02.314 [docker-java-stream--1621393103] INFO tc.mysql:8.0 -- Pulling image layers:  0 pending, 11 downloaded, 10 extracted, (163 MB/163 MB)
05:08:02.324 [docker-java-stream--1621393103] INFO tc.mysql:8.0 -- Pulling image layers:  0 pending, 11 downloaded, 11 extracted, (163 MB/163 MB)
05:08:02.331 [main] INFO tc.mysql:8.0 -- Image mysql:8.0 pull took PT9.186208141S
05:08:02.331 [docker-java-stream--1621393103] INFO tc.mysql:8.0 -- Pull complete. 11 layers, pulled in 8s (downloaded 163 MB at 20 MB/s)
05:08:02.495 [main] INFO org.springframework.boot.test.context.SpringBootTestContextBootstrapper -- Found @SpringBootConfiguration dev.coms4156.project.kebabcase.App for test class dev.coms4156.project.kebabcase.MySQLIntegrationTests
05:08:02.658 [main] INFO tc.mysql:8.0 -- Creating container for image: mysql:8.0
05:08:02.711 [main] INFO tc.mysql:8.0 -- Container mysql:8.0 is starting: bdd7faa368f425acceb03459cfb3a82382db1c188fbcfc69124427b3ee0ded98
05:08:02.932 [main] INFO tc.mysql:8.0 -- Waiting for database connection to become available at jdbc:mysql://localhost:32769/testdb using query 'SELECT 1'
05:08:12.599 [main] INFO tc.mysql:8.0 -- Container mysql:8.0 started in PT9.940301185S
05:08:12.599 [main] INFO tc.mysql:8.0 -- Container is started (JDBC URL: jdbc:mysql://localhost:32769/testdb)

  .   ____          _            __ _ _
 /\\ / ___'_ __ _ _(_)_ __  __ _ \ \ \ \
( ( )\___ | '_ | '_| | '_ \/ _` | \ \ \ \
 \\/  ___)| |_)| | | | | || (_| |  ) ) ) )
  '  |____| .__|_| |_|_| |_\__, | / / / /
 =========|_|==============|___/=/_/_/_/

 :: Spring Boot ::                (v3.4.0)

2024-11-28T05:08:13.076Z  INFO 1877 --- [KebabCase] [           main] d.c.p.kebabcase.MySQLIntegrationTests    : Starting MySQLIntegrationTests using Java 17.0.13 with PID 1877 (started by runner in /home/runner/work/KebabCase/KebabCase)
2024-11-28T05:08:13.078Z  INFO 1877 --- [KebabCase] [           main] d.c.p.kebabcase.MySQLIntegrationTests    : No active profile set, falling back to 1 default profile: "default"
2024-11-28T05:08:13.670Z  INFO 1877 --- [KebabCase] [           main] .s.d.r.c.RepositoryConfigurationDelegate : Bootstrapping Spring Data JPA repositories in DEFAULT mode.
2024-11-28T05:08:13.687Z  INFO 1877 --- [KebabCase] [           main] .i.s.PathMatchingResourcePatternResolver : Skipping search for files matching pattern [**/*.class]: directory [/home/runner/work/KebabCase/KebabCase/target/test-classes/dev/coms4156/project/kebabcase/repository] does not exist
2024-11-28T05:08:13.731Z  INFO 1877 --- [KebabCase] [           main] .i.s.PathMatchingResourcePatternResolver : Skipping search for files matching pattern [**/*Impl.class]: directory [/home/runner/work/KebabCase/KebabCase/target/test-classes/dev/coms4156/project/kebabcase/repository] does not exist
2024-11-28T05:08:13.750Z  INFO 1877 --- [KebabCase] [           main] .s.d.r.c.RepositoryConfigurationDelegate : Finished Spring Data repository scanning in 67 ms. Found 11 JPA repository interfaces.
2024-11-28T05:08:14.475Z  INFO 1877 --- [KebabCase] [           main] .i.s.PathMatchingResourcePatternResolver : Skipping search for files matching pattern [**/*.class]: directory [/home/runner/work/KebabCase/KebabCase/target/test-classes/dev/coms4156/project/kebabcase/entity] does not exist
2024-11-28T05:08:14.515Z  INFO 1877 --- [KebabCase] [           main] o.hibernate.jpa.internal.util.LogHelper  : HHH000204: Processing PersistenceUnitInfo [name: default]
2024-11-28T05:08:14.581Z  INFO 1877 --- [KebabCase] [           main] org.hibernate.Version                    : HHH000412: Hibernate ORM core version 6.5.0.Final
2024-11-28T05:08:14.616Z  INFO 1877 --- [KebabCase] [           main] o.h.c.internal.RegionFactoryInitiator    : HHH000026: Second-level cache disabled
2024-11-28T05:08:14.870Z  INFO 1877 --- [KebabCase] [           main] o.s.o.j.p.SpringPersistenceUnitInfo      : No LoadTimeWeaver setup: ignoring JPA class transformer
2024-11-28T05:08:14.914Z  INFO 1877 --- [KebabCase] [           main] com.zaxxer.hikari.HikariDataSource       : HikariPool-1 - Starting...
2024-11-28T05:08:15.122Z  INFO 1877 --- [KebabCase] [           main] com.zaxxer.hikari.pool.HikariPool        : HikariPool-1 - Added connection com.mysql.cj.jdbc.ConnectionImpl@53e62429
2024-11-28T05:08:15.124Z  INFO 1877 --- [KebabCase] [           main] com.zaxxer.hikari.HikariDataSource       : HikariPool-1 - Start completed.
2024-11-28T05:08:16.560Z  INFO 1877 --- [KebabCase] [           main] o.h.e.t.j.p.i.JtaPlatformInitiator       : HHH000489: No JTA platform available (set 'hibernate.transaction.jta.platform' to enable JTA platform integration)
2024-11-28T05:08:17.171Z  INFO 1877 --- [KebabCase] [           main] j.LocalContainerEntityManagerFactoryBean : Initialized JPA EntityManagerFactory for persistence unit 'default'
2024-11-28T05:08:17.824Z  WARN 1877 --- [KebabCase] [           main] JpaBaseConfiguration$JpaWebConfiguration : spring.jpa.open-in-view is enabled by default. Therefore, database queries may be performed during view rendering. Explicitly configure spring.jpa.open-in-view to disable this warning
2024-11-28T05:08:17.843Z  WARN 1877 --- [KebabCase] [           main] .s.s.UserDetailsServiceAutoConfiguration : 

Using generated security password: bd4f8356-63da-46eb-a059-1475b4ef82b2

This generated password is for development use only. Your security configuration must be updated before running your application in production.

2024-11-28T05:08:17.858Z  INFO 1877 --- [KebabCase] [           main] r$InitializeUserDetailsManagerConfigurer : Global AuthenticationManager configured with UserDetailsService bean with name inMemoryUserDetailsManager
2024-11-28T05:08:18.486Z  INFO 1877 --- [KebabCase] [           main] d.c.p.kebabcase.MySQLIntegrationTests    : Started MySQLIntegrationTests in 5.833 seconds (process running for 29.45)
MySQL JDBC URL: jdbc:mysql://localhost:32769/testdb
MySQL Username: testuser
MySQL Password: testpass
[INFO] Tests run: 1, Failures: 0, Errors: 0, Skipped: 0, Time elapsed: 29.25 s -- in dev.coms4156.project.kebabcase.MySQLIntegrationTests
[INFO] Running dev.coms4156.project.kebabcase.UserRepositoryIntegrationTests
2024-11-28T05:08:19.397Z  INFO 1877 --- [KebabCase] [           main] t.c.s.AnnotationConfigContextLoaderUtils : Could not detect default configuration classes for test class [dev.coms4156.project.kebabcase.UserRepositoryIntegrationTests]: UserRepositoryIntegrationTests does not declare any static, non-private, non-final, nested classes annotated with @Configuration.
2024-11-28T05:08:19.403Z  INFO 1877 --- [KebabCase] [           main] .b.t.c.SpringBootTestContextBootstrapper : Found @SpringBootConfiguration dev.coms4156.project.kebabcase.App for test class dev.coms4156.project.kebabcase.UserRepositoryIntegrationTests

  .   ____          _            __ _ _
 /\\ / ___'_ __ _ _(_)_ __  __ _ \ \ \ \
( ( )\___ | '_ | '_| | '_ \/ _` | \ \ \ \
 \\/  ___)| |_)| | | | | || (_| |  ) ) ) )
  '  |____| .__|_| |_|_| |_\__, | / / / /
 =========|_|==============|___/=/_/_/_/

 :: Spring Boot ::                (v3.4.0)

2024-11-28T05:08:19.441Z  INFO 1877 --- [KebabCase] [           main] d.c.p.k.UserRepositoryIntegrationTests   : Starting UserRepositoryIntegrationTests using Java 17.0.13 with PID 1877 (started by runner in /home/runner/work/KebabCase/KebabCase)
2024-11-28T05:08:19.441Z  INFO 1877 --- [KebabCase] [           main] d.c.p.k.UserRepositoryIntegrationTests   : No active profile set, falling back to 1 default profile: "default"
2024-11-28T05:08:19.592Z  INFO 1877 --- [KebabCase] [           main] .s.d.r.c.RepositoryConfigurationDelegate : Bootstrapping Spring Data JPA repositories in DEFAULT mode.
2024-11-28T05:08:19.594Z  INFO 1877 --- [KebabCase] [           main] .i.s.PathMatchingResourcePatternResolver : Skipping search for files matching pattern [**/*.class]: directory [/home/runner/work/KebabCase/KebabCase/target/test-classes/dev/coms4156/project/kebabcase/repository] does not exist
2024-11-28T05:08:19.599Z  INFO 1877 --- [KebabCase] [           main] .i.s.PathMatchingResourcePatternResolver : Skipping search for files matching pattern [**/*Impl.class]: directory [/home/runner/work/KebabCase/KebabCase/target/test-classes/dev/coms4156/project/kebabcase/repository] does not exist
2024-11-28T05:08:19.605Z  INFO 1877 --- [KebabCase] [           main] .s.d.r.c.RepositoryConfigurationDelegate : Finished Spring Data repository scanning in 10 ms. Found 11 JPA repository interfaces.
2024-11-28T05:08:19.716Z  INFO 1877 --- [KebabCase] [           main] tc.mysql:8.0                             : Creating container for image: mysql:8.0
2024-11-28T05:08:19.752Z  INFO 1877 --- [KebabCase] [           main] tc.mysql:8.0                             : Container mysql:8.0 is starting: e5f46bfa715133e0470e6a137ab84de43665b6e150b8882cbb0463863d271dbf
2024-11-28T05:08:20.001Z  INFO 1877 --- [KebabCase] [           main] tc.mysql:8.0                             : Waiting for database connection to become available at jdbc:mysql://localhost:32770/testdb using query 'SELECT 1'
2024-11-28T05:08:29.224Z  INFO 1877 --- [KebabCase] [           main] tc.mysql:8.0                             : Container mysql:8.0 started in PT9.507673145S
2024-11-28T05:08:29.224Z  INFO 1877 --- [KebabCase] [           main] tc.mysql:8.0                             : Container is started (JDBC URL: jdbc:mysql://localhost:32770/testdb)
2024-11-28T05:08:29.249Z  INFO 1877 --- [KebabCase] [           main] .i.s.PathMatchingResourcePatternResolver : Skipping search for files matching pattern [**/*.class]: directory [/home/runner/work/KebabCase/KebabCase/target/test-classes/dev/coms4156/project/kebabcase/entity] does not exist
2024-11-28T05:08:29.252Z  INFO 1877 --- [KebabCase] [           main] o.hibernate.jpa.internal.util.LogHelper  : HHH000204: Processing PersistenceUnitInfo [name: default]
2024-11-28T05:08:29.254Z  INFO 1877 --- [KebabCase] [           main] o.h.c.internal.RegionFactoryInitiator    : HHH000026: Second-level cache disabled
2024-11-28T05:08:29.258Z  INFO 1877 --- [KebabCase] [           main] o.s.o.j.p.SpringPersistenceUnitInfo      : No LoadTimeWeaver setup: ignoring JPA class transformer
2024-11-28T05:08:29.259Z  INFO 1877 --- [KebabCase] [           main] com.zaxxer.hikari.HikariDataSource       : HikariPool-2 - Starting...
2024-11-28T05:08:29.278Z  INFO 1877 --- [KebabCase] [           main] com.zaxxer.hikari.pool.HikariPool        : HikariPool-2 - Added connection com.mysql.cj.jdbc.ConnectionImpl@7e529789
2024-11-28T05:08:29.278Z  INFO 1877 --- [KebabCase] [           main] com.zaxxer.hikari.HikariDataSource       : HikariPool-2 - Start completed.
2024-11-28T05:08:29.502Z  INFO 1877 --- [KebabCase] [           main] o.h.e.t.j.p.i.JtaPlatformInitiator       : HHH000489: No JTA platform available (set 'hibernate.transaction.jta.platform' to enable JTA platform integration)
2024-11-28T05:08:30.025Z  INFO 1877 --- [KebabCase] [           main] j.LocalContainerEntityManagerFactoryBean : Initialized JPA EntityManagerFactory for persistence unit 'default'
2024-11-28T05:08:30.168Z  WARN 1877 --- [KebabCase] [           main] JpaBaseConfiguration$JpaWebConfiguration : spring.jpa.open-in-view is enabled by default. Therefore, database queries may be performed during view rendering. Explicitly configure spring.jpa.open-in-view to disable this warning
2024-11-28T05:08:30.173Z  WARN 1877 --- [KebabCase] [           main] .s.s.UserDetailsServiceAutoConfiguration : 

Using generated security password: 1f3fbda2-a1d1-4478-90d6-ba3528300812

This generated password is for development use only. Your security configuration must be updated before running your application in production.

2024-11-28T05:08:30.174Z  INFO 1877 --- [KebabCase] [           main] r$InitializeUserDetailsManagerConfigurer : Global AuthenticationManager configured with UserDetailsService bean with name inMemoryUserDetailsManager
2024-11-28T05:08:30.277Z  INFO 1877 --- [KebabCase] [           main] d.c.p.k.UserRepositoryIntegrationTests   : Started UserRepositoryIntegrationTests in 10.867 seconds (process running for 41.242)
2024-11-28T05:08:30.351Z  WARN 1877 --- [KebabCase] [           main] o.h.engine.jdbc.spi.SqlExceptionHelper   : SQL Error: 0, SQLState: S0022
2024-11-28T05:08:30.351Z ERROR 1877 --- [KebabCase] [           main] o.h.engine.jdbc.spi.SqlExceptionHelper   : Column 'id' not found.
[INFO] Tests run: 1, Failures: 0, Errors: 0, Skipped: 0, Time elapsed: 11.08 s -- in dev.coms4156.project.kebabcase.UserRepositoryIntegrationTests
[INFO] Running dev.coms4156.project.kebabcase.IndexControllerUnitTests
[INFO] Tests run: 1, Failures: 0, Errors: 0, Skipped: 0, Time elapsed: 0.008 s -- in dev.coms4156.project.kebabcase.IndexControllerUnitTests
[INFO] Running dev.coms4156.project.kebabcase.UserControllerIntegrationTests
2024-11-28T05:08:30.497Z  INFO 1877 --- [KebabCase] [           main] t.c.s.AnnotationConfigContextLoaderUtils : Could not detect default configuration classes for test class [dev.coms4156.project.kebabcase.UserControllerIntegrationTests]: UserControllerIntegrationTests does not declare any static, non-private, non-final, nested classes annotated with @Configuration.
2024-11-28T05:08:30.506Z  INFO 1877 --- [KebabCase] [           main] .b.t.c.SpringBootTestContextBootstrapper : Found @SpringBootConfiguration dev.coms4156.project.kebabcase.App for test class dev.coms4156.project.kebabcase.UserControllerIntegrationTests

  .   ____          _            __ _ _
 /\\ / ___'_ __ _ _(_)_ __  __ _ \ \ \ \
( ( )\___ | '_ | '_| | '_ \/ _` | \ \ \ \
 \\/  ___)| |_)| | | | | || (_| |  ) ) ) )
  '  |____| .__|_| |_|_| |_\__, | / / / /
 =========|_|==============|___/=/_/_/_/

 :: Spring Boot ::                (v3.4.0)

2024-11-28T05:08:30.533Z  INFO 1877 --- [KebabCase] [           main] d.c.p.k.UserControllerIntegrationTests   : Starting UserControllerIntegrationTests using Java 17.0.13 with PID 1877 (started by runner in /home/runner/work/KebabCase/KebabCase)
2024-11-28T05:08:30.533Z  INFO 1877 --- [KebabCase] [           main] d.c.p.k.UserControllerIntegrationTests   : No active profile set, falling back to 1 default profile: "default"
2024-11-28T05:08:30.617Z  INFO 1877 --- [KebabCase] [           main] .s.d.r.c.RepositoryConfigurationDelegate : Bootstrapping Spring Data JPA repositories in DEFAULT mode.
2024-11-28T05:08:30.618Z  INFO 1877 --- [KebabCase] [           main] .i.s.PathMatchingResourcePatternResolver : Skipping search for files matching pattern [**/*.class]: directory [/home/runner/work/KebabCase/KebabCase/target/test-classes/dev/coms4156/project/kebabcase/repository] does not exist
2024-11-28T05:08:30.622Z  INFO 1877 --- [KebabCase] [           main] .i.s.PathMatchingResourcePatternResolver : Skipping search for files matching pattern [**/*Impl.class]: directory [/home/runner/work/KebabCase/KebabCase/target/test-classes/dev/coms4156/project/kebabcase/repository] does not exist
2024-11-28T05:08:30.627Z  INFO 1877 --- [KebabCase] [           main] .s.d.r.c.RepositoryConfigurationDelegate : Finished Spring Data repository scanning in 9 ms. Found 11 JPA repository interfaces.
2024-11-28T05:08:30.891Z  INFO 1877 --- [KebabCase] [           main] o.s.b.w.embedded.tomcat.TomcatWebServer  : Tomcat initialized with port 0 (http)
2024-11-28T05:08:30.906Z  INFO 1877 --- [KebabCase] [           main] o.apache.catalina.core.StandardService   : Starting service [Tomcat]
2024-11-28T05:08:30.906Z  INFO 1877 --- [KebabCase] [           main] o.apache.catalina.core.StandardEngine    : Starting Servlet engine: [Apache Tomcat/10.1.33]
2024-11-28T05:08:30.952Z  INFO 1877 --- [KebabCase] [           main] o.a.c.c.C.[Tomcat].[localhost].[/]       : Initializing Spring embedded WebApplicationContext
2024-11-28T05:08:30.953Z  INFO 1877 --- [KebabCase] [           main] w.s.c.ServletWebServerApplicationContext : Root WebApplicationContext: initialization completed in 418 ms
2024-11-28T05:08:31.019Z  INFO 1877 --- [KebabCase] [           main] tc.mysql:8.0                             : Creating container for image: mysql:8.0
2024-11-28T05:08:31.059Z  INFO 1877 --- [KebabCase] [           main] tc.mysql:8.0                             : Container mysql:8.0 is starting: a24d766f8454593a983418a4ad6607e6da83b5f6ef96cbe46e8d98a8129012ec
2024-11-28T05:08:31.282Z  INFO 1877 --- [KebabCase] [           main] tc.mysql:8.0                             : Waiting for database connection to become available at jdbc:mysql://localhost:32771/testdb using query 'SELECT 1'
2024-11-28T05:08:40.466Z  INFO 1877 --- [KebabCase] [           main] tc.mysql:8.0                             : Container mysql:8.0 started in PT9.446744458S
2024-11-28T05:08:40.466Z  INFO 1877 --- [KebabCase] [           main] tc.mysql:8.0                             : Container is started (JDBC URL: jdbc:mysql://localhost:32771/testdb)
2024-11-28T05:08:40.482Z  INFO 1877 --- [KebabCase] [           main] .i.s.PathMatchingResourcePatternResolver : Skipping search for files matching pattern [**/*.class]: directory [/home/runner/work/KebabCase/KebabCase/target/test-classes/dev/coms4156/project/kebabcase/entity] does not exist
2024-11-28T05:08:40.484Z  INFO 1877 --- [KebabCase] [           main] o.hibernate.jpa.internal.util.LogHelper  : HHH000204: Processing PersistenceUnitInfo [name: default]
2024-11-28T05:08:40.485Z  INFO 1877 --- [KebabCase] [           main] o.h.c.internal.RegionFactoryInitiator    : HHH000026: Second-level cache disabled
2024-11-28T05:08:40.488Z  INFO 1877 --- [KebabCase] [           main] o.s.o.j.p.SpringPersistenceUnitInfo      : No LoadTimeWeaver setup: ignoring JPA class transformer
2024-11-28T05:08:40.489Z  INFO 1877 --- [KebabCase] [           main] com.zaxxer.hikari.HikariDataSource       : HikariPool-3 - Starting...
2024-11-28T05:08:40.504Z  INFO 1877 --- [KebabCase] [           main] com.zaxxer.hikari.pool.HikariPool        : HikariPool-3 - Added connection com.mysql.cj.jdbc.ConnectionImpl@134bf69e
2024-11-28T05:08:40.504Z  INFO 1877 --- [KebabCase] [           main] com.zaxxer.hikari.HikariDataSource       : HikariPool-3 - Start completed.
2024-11-28T05:08:40.700Z  INFO 1877 --- [KebabCase] [           main] o.h.e.t.j.p.i.JtaPlatformInitiator       : HHH000489: No JTA platform available (set 'hibernate.transaction.jta.platform' to enable JTA platform integration)
2024-11-28T05:08:41.245Z  INFO 1877 --- [KebabCase] [           main] j.LocalContainerEntityManagerFactoryBean : Initialized JPA EntityManagerFactory for persistence unit 'default'
2024-11-28T05:08:41.345Z  WARN 1877 --- [KebabCase] [           main] JpaBaseConfiguration$JpaWebConfiguration : spring.jpa.open-in-view is enabled by default. Therefore, database queries may be performed during view rendering. Explicitly configure spring.jpa.open-in-view to disable this warning
2024-11-28T05:08:41.348Z  WARN 1877 --- [KebabCase] [           main] .s.s.UserDetailsServiceAutoConfiguration : 

Using generated security password: 1dbf432f-28b5-4557-8233-630f74fac0bb

This generated password is for development use only. Your security configuration must be updated before running your application in production.

2024-11-28T05:08:41.349Z  INFO 1877 --- [KebabCase] [           main] r$InitializeUserDetailsManagerConfigurer : Global AuthenticationManager configured with UserDetailsService bean with name inMemoryUserDetailsManager
2024-11-28T05:08:41.582Z  INFO 1877 --- [KebabCase] [           main] o.s.b.w.embedded.tomcat.TomcatWebServer  : Tomcat started on port 39499 (http) with context path '/'
2024-11-28T05:08:41.586Z  INFO 1877 --- [KebabCase] [           main] d.c.p.k.UserControllerIntegrationTests   : Started UserControllerIntegrationTests in 11.077 seconds (process running for 52.551)
2024-11-28T05:08:41.597Z  WARN 1877 --- [KebabCase] [           main] o.h.engine.jdbc.spi.SqlExceptionHelper   : SQL Error: 0, SQLState: S0022
2024-11-28T05:08:41.597Z ERROR 1877 --- [KebabCase] [           main] o.h.engine.jdbc.spi.SqlExceptionHelper   : Column 'id' not found.
2024-11-28T05:08:41.621Z  WARN 1877 --- [KebabCase] [           main] o.h.engine.jdbc.spi.SqlExceptionHelper   : SQL Error: 0, SQLState: S0022
2024-11-28T05:08:41.622Z ERROR 1877 --- [KebabCase] [           main] o.h.engine.jdbc.spi.SqlExceptionHelper   : Column 'id' not found.
2024-11-28T05:08:41.635Z  WARN 1877 --- [KebabCase] [           main] o.h.engine.jdbc.spi.SqlExceptionHelper   : SQL Error: 0, SQLState: S0022
2024-11-28T05:08:41.636Z ERROR 1877 --- [KebabCase] [           main] o.h.engine.jdbc.spi.SqlExceptionHelper   : Column 'id' not found.
2024-11-28T05:08:41.641Z  WARN 1877 --- [KebabCase] [           main] o.h.engine.jdbc.spi.SqlExceptionHelper   : SQL Error: 0, SQLState: S0022
2024-11-28T05:08:41.641Z ERROR 1877 --- [KebabCase] [           main] o.h.engine.jdbc.spi.SqlExceptionHelper   : Column 'id' not found.
2024-11-28T05:08:41.647Z  WARN 1877 --- [KebabCase] [           main] o.h.engine.jdbc.spi.SqlExceptionHelper   : SQL Error: 0, SQLState: S0022
2024-11-28T05:08:41.647Z ERROR 1877 --- [KebabCase] [           main] o.h.engine.jdbc.spi.SqlExceptionHelper   : Column 'id' not found.
2024-11-28T05:08:41.811Z  INFO 1877 --- [KebabCase] [o-auto-1-exec-1] o.a.c.c.C.[Tomcat].[localhost].[/]       : Initializing Spring DispatcherServlet 'dispatcherServlet'
2024-11-28T05:08:41.811Z  INFO 1877 --- [KebabCase] [o-auto-1-exec-1] o.s.web.servlet.DispatcherServlet        : Initializing Servlet 'dispatcherServlet'
2024-11-28T05:08:41.812Z  INFO 1877 --- [KebabCase] [o-auto-1-exec-1] o.s.web.servlet.DispatcherServlet        : Completed initialization in 1 ms
[INFO] Tests run: 3, Failures: 0, Errors: 0, Skipped: 0, Time elapsed: 11.64 s -- in dev.coms4156.project.kebabcase.UserControllerIntegrationTests
[INFO] Running dev.coms4156.project.kebabcase.BuildingFeatureControllerUnitTests
[INFO] Tests run: 2, Failures: 0, Errors: 0, Skipped: 0, Time elapsed: 0.635 s -- in dev.coms4156.project.kebabcase.BuildingFeatureControllerUnitTests
[INFO] Running dev.coms4156.project.kebabcase.IndexControllerIntegrationTests
2024-11-28T05:08:42.795Z  INFO 1877 --- [KebabCase] [           main] t.c.s.AnnotationConfigContextLoaderUtils : Could not detect default configuration classes for test class [dev.coms4156.project.kebabcase.IndexControllerIntegrationTests]: IndexControllerIntegrationTests does not declare any static, non-private, non-final, nested classes annotated with @Configuration.
2024-11-28T05:08:42.814Z  INFO 1877 --- [KebabCase] [           main] .b.t.c.SpringBootTestContextBootstrapper : Found @SpringBootConfiguration dev.coms4156.project.kebabcase.App for test class dev.coms4156.project.kebabcase.IndexControllerIntegrationTests

  .   ____          _            __ _ _
 /\\ / ___'_ __ _ _(_)_ __  __ _ \ \ \ \
( ( )\___ | '_ | '_| | '_ \/ _` | \ \ \ \
 \\/  ___)| |_)| | | | | || (_| |  ) ) ) )
  '  |____| .__|_| |_|_| |_\__, | / / / /
 =========|_|==============|___/=/_/_/_/

 :: Spring Boot ::                (v3.4.0)

2024-11-28T05:08:42.925Z  INFO 1877 --- [KebabCase] [           main] d.c.p.k.IndexControllerIntegrationTests  : Starting IndexControllerIntegrationTests using Java 17.0.13 with PID 1877 (started by runner in /home/runner/work/KebabCase/KebabCase)
2024-11-28T05:08:42.925Z  INFO 1877 --- [KebabCase] [           main] d.c.p.k.IndexControllerIntegrationTests  : No active profile set, falling back to 1 default profile: "default"
2024-11-28T05:08:43.202Z  INFO 1877 --- [KebabCase] [           main] .s.d.r.c.RepositoryConfigurationDelegate : Bootstrapping Spring Data JPA repositories in DEFAULT mode.
2024-11-28T05:08:43.206Z  INFO 1877 --- [KebabCase] [           main] .i.s.PathMatchingResourcePatternResolver : Skipping search for files matching pattern [**/*.class]: directory [/home/runner/work/KebabCase/KebabCase/target/test-classes/dev/coms4156/project/kebabcase/repository] does not exist
2024-11-28T05:08:43.218Z  INFO 1877 --- [KebabCase] [           main] .i.s.PathMatchingResourcePatternResolver : Skipping search for files matching pattern [**/*Impl.class]: directory [/home/runner/work/KebabCase/KebabCase/target/test-classes/dev/coms4156/project/kebabcase/repository] does not exist
2024-11-28T05:08:43.229Z  INFO 1877 --- [KebabCase] [           main] .s.d.r.c.RepositoryConfigurationDelegate : Finished Spring Data repository scanning in 23 ms. Found 11 JPA repository interfaces.
2024-11-28T05:08:43.563Z  INFO 1877 --- [KebabCase] [           main] o.s.b.w.embedded.tomcat.TomcatWebServer  : Tomcat initialized with port 0 (http)
2024-11-28T05:08:43.565Z  INFO 1877 --- [KebabCase] [           main] o.apache.catalina.core.StandardService   : Starting service [Tomcat]
2024-11-28T05:08:43.566Z  INFO 1877 --- [KebabCase] [           main] o.apache.catalina.core.StandardEngine    : Starting Servlet engine: [Apache Tomcat/10.1.33]
2024-11-28T05:08:43.590Z  INFO 1877 --- [KebabCase] [           main] o.a.c.c.C.[Tomcat-1].[localhost].[/]     : Initializing Spring embedded WebApplicationContext
2024-11-28T05:08:43.590Z  INFO 1877 --- [KebabCase] [           main] w.s.c.ServletWebServerApplicationContext : Root WebApplicationContext: initialization completed in 657 ms
2024-11-28T05:08:43.635Z  INFO 1877 --- [KebabCase] [           main] tc.mysql:8.0                             : Creating container for image: mysql:8.0
2024-11-28T05:08:43.691Z  INFO 1877 --- [KebabCase] [           main] tc.mysql:8.0                             : Container mysql:8.0 is starting: 6449e774d430234498c17dd40930c7b3256b3f09ec6cd8a484981cf7e6c24b24
2024-11-28T05:08:43.998Z  INFO 1877 --- [KebabCase] [           main] tc.mysql:8.0                             : Waiting for database connection to become available at jdbc:mysql://localhost:32772/testdb using query 'SELECT 1'
2024-11-28T05:08:53.434Z  INFO 1877 --- [KebabCase] [           main] tc.mysql:8.0                             : Container mysql:8.0 started in PT9.798536326S
2024-11-28T05:08:53.435Z  INFO 1877 --- [KebabCase] [           main] tc.mysql:8.0                             : Container is started (JDBC URL: jdbc:mysql://localhost:32772/testdb)
2024-11-28T05:08:53.464Z  INFO 1877 --- [KebabCase] [           main] .i.s.PathMatchingResourcePatternResolver : Skipping search for files matching pattern [**/*.class]: directory [/home/runner/work/KebabCase/KebabCase/target/test-classes/dev/coms4156/project/kebabcase/entity] does not exist
2024-11-28T05:08:53.468Z  INFO 1877 --- [KebabCase] [           main] o.hibernate.jpa.internal.util.LogHelper  : HHH000204: Processing PersistenceUnitInfo [name: default]
2024-11-28T05:08:53.471Z  INFO 1877 --- [KebabCase] [           main] o.h.c.internal.RegionFactoryInitiator    : HHH000026: Second-level cache disabled
2024-11-28T05:08:53.476Z  INFO 1877 --- [KebabCase] [           main] o.s.o.j.p.SpringPersistenceUnitInfo      : No LoadTimeWeaver setup: ignoring JPA class transformer
2024-11-28T05:08:53.477Z  INFO 1877 --- [KebabCase] [           main] com.zaxxer.hikari.HikariDataSource       : HikariPool-4 - Starting...
2024-11-28T05:08:53.557Z  INFO 1877 --- [KebabCase] [           main] com.zaxxer.hikari.pool.HikariPool        : HikariPool-4 - Added connection com.mysql.cj.jdbc.ConnectionImpl@4353832c
2024-11-28T05:08:53.557Z  INFO 1877 --- [KebabCase] [           main] com.zaxxer.hikari.HikariDataSource       : HikariPool-4 - Start completed.
2024-11-28T05:08:53.947Z  INFO 1877 --- [KebabCase] [           main] o.h.e.t.j.p.i.JtaPlatformInitiator       : HHH000489: No JTA platform available (set 'hibernate.transaction.jta.platform' to enable JTA platform integration)
2024-11-28T05:08:54.590Z  INFO 1877 --- [KebabCase] [           main] j.LocalContainerEntityManagerFactoryBean : Initialized JPA EntityManagerFactory for persistence unit 'default'
2024-11-28T05:08:54.734Z  WARN 1877 --- [KebabCase] [           main] JpaBaseConfiguration$JpaWebConfiguration : spring.jpa.open-in-view is enabled by default. Therefore, database queries may be performed during view rendering. Explicitly configure spring.jpa.open-in-view to disable this warning
2024-11-28T05:08:54.740Z  WARN 1877 --- [KebabCase] [           main] .s.s.UserDetailsServiceAutoConfiguration : 

Using generated security password: c810cef8-6d84-46ac-bb11-46f5e4506ebf

This generated password is for development use only. Your security configuration must be updated before running your application in production.

2024-11-28T05:08:54.741Z  INFO 1877 --- [KebabCase] [           main] r$InitializeUserDetailsManagerConfigurer : Global AuthenticationManager configured with UserDetailsService bean with name inMemoryUserDetailsManager
2024-11-28T05:08:54.844Z  INFO 1877 --- [KebabCase] [           main] o.s.b.w.embedded.tomcat.TomcatWebServer  : Tomcat started on port 39759 (http) with context path '/'
2024-11-28T05:08:54.850Z  INFO 1877 --- [KebabCase] [           main] d.c.p.k.IndexControllerIntegrationTests  : Started IndexControllerIntegrationTests in 12.029 seconds (process running for 65.815)
2024-11-28T05:08:54.864Z  INFO 1877 --- [KebabCase] [o-auto-2-exec-1] o.a.c.c.C.[Tomcat-1].[localhost].[/]     : Initializing Spring DispatcherServlet 'dispatcherServlet'
2024-11-28T05:08:54.864Z  INFO 1877 --- [KebabCase] [o-auto-2-exec-1] o.s.web.servlet.DispatcherServlet        : Initializing Servlet 'dispatcherServlet'
2024-11-28T05:08:54.865Z  INFO 1877 --- [KebabCase] [o-auto-2-exec-1] o.s.web.servlet.DispatcherServlet        : Completed initialization in 1 ms
[INFO] Tests run: 3, Failures: 0, Errors: 0, Skipped: 0, Time elapsed: 12.12 s -- in dev.coms4156.project.kebabcase.IndexControllerIntegrationTests
[INFO] Running dev.coms4156.project.kebabcase.BuildingControllerUnitTests
[INFO] Tests run: 37, Failures: 0, Errors: 0, Skipped: 0, Time elapsed: 1.436 s -- in dev.coms4156.project.kebabcase.BuildingControllerUnitTests
[INFO] Running dev.coms4156.project.kebabcase.WarmupControllerUnitTests
[INFO] Tests run: 1, Failures: 0, Errors: 0, Skipped: 0, Time elapsed: 0.002 s -- in dev.coms4156.project.kebabcase.WarmupControllerUnitTests
[INFO] Running dev.coms4156.project.kebabcase.MySQLContainerTests
2024-11-28T05:08:56.373Z  INFO 1877 --- [KebabCase] [           main] tc.mysql:8.0                             : Creating container for image: mysql:8.0
2024-11-28T05:08:56.421Z  INFO 1877 --- [KebabCase] [           main] tc.mysql:8.0                             : Container mysql:8.0 is starting: 4d08aeab2cc7202f82340c7bee5b9f96958f0a6eb487d92de528496861d47fb3
2024-11-28T05:08:56.699Z  INFO 1877 --- [KebabCase] [           main] tc.mysql:8.0                             : Waiting for database connection to become available at jdbc:mysql://localhost:32773/test using query 'SELECT 1'
2024-11-28T05:09:06.158Z  INFO 1877 --- [KebabCase] [           main] tc.mysql:8.0                             : Container mysql:8.0 started in PT9.785070959S
2024-11-28T05:09:06.158Z  INFO 1877 --- [KebabCase] [           main] tc.mysql:8.0                             : Container is started (JDBC URL: jdbc:mysql://localhost:32773/test)
[INFO] Tests run: 1, Failures: 0, Errors: 0, Skipped: 0, Time elapsed: 10.05 s -- in dev.coms4156.project.kebabcase.MySQLContainerTests
[INFO] Running dev.coms4156.project.kebabcase.HousingUnitFeatureControllerUnitTests
[INFO] Tests run: 2, Failures: 0, Errors: 0, Skipped: 0, Time elapsed: 0.073 s -- in dev.coms4156.project.kebabcase.HousingUnitFeatureControllerUnitTests
[INFO] Running dev.coms4156.project.kebabcase.UserControllerUnitTests
2024-11-28T05:09:06.670Z  INFO 1877 --- [KebabCase] [           main] o.s.mock.web.MockServletContext          : Initializing Spring TestDispatcherServlet ''
2024-11-28T05:09:06.670Z  INFO 1877 --- [KebabCase] [           main] o.s.t.web.servlet.TestDispatcherServlet  : Initializing Servlet ''
2024-11-28T05:09:06.670Z  INFO 1877 --- [KebabCase] [           main] o.s.t.web.servlet.TestDispatcherServlet  : Completed initialization in 0 ms
2024-11-28T05:09:06.699Z  INFO 1877 --- [KebabCase] [           main] o.s.mock.web.MockServletContext          : Initializing Spring TestDispatcherServlet ''
2024-11-28T05:09:06.699Z  INFO 1877 --- [KebabCase] [           main] o.s.t.web.servlet.TestDispatcherServlet  : Initializing Servlet ''
2024-11-28T05:09:06.699Z  INFO 1877 --- [KebabCase] [           main] o.s.t.web.servlet.TestDispatcherServlet  : Completed initialization in 0 ms
2024-11-28T05:09:06.705Z  INFO 1877 --- [KebabCase] [           main] o.s.mock.web.MockServletContext          : Initializing Spring TestDispatcherServlet ''
2024-11-28T05:09:06.705Z  INFO 1877 --- [KebabCase] [           main] o.s.t.web.servlet.TestDispatcherServlet  : Initializing Servlet ''
2024-11-28T05:09:06.706Z  INFO 1877 --- [KebabCase] [           main] o.s.t.web.servlet.TestDispatcherServlet  : Completed initialization in 0 ms
2024-11-28T05:09:06.716Z  INFO 1877 --- [KebabCase] [           main] o.s.mock.web.MockServletContext          : Initializing Spring TestDispatcherServlet ''
2024-11-28T05:09:06.717Z  INFO 1877 --- [KebabCase] [           main] o.s.t.web.servlet.TestDispatcherServlet  : Initializing Servlet ''
2024-11-28T05:09:06.717Z  INFO 1877 --- [KebabCase] [           main] o.s.t.web.servlet.TestDispatcherServlet  : Completed initialization in 0 ms
2024-11-28T05:09:06.723Z  INFO 1877 --- [KebabCase] [           main] o.s.mock.web.MockServletContext          : Initializing Spring TestDispatcherServlet ''
2024-11-28T05:09:06.723Z  INFO 1877 --- [KebabCase] [           main] o.s.t.web.servlet.TestDispatcherServlet  : Initializing Servlet ''
2024-11-28T05:09:06.723Z  INFO 1877 --- [KebabCase] [           main] o.s.t.web.servlet.TestDispatcherServlet  : Completed initialization in 0 ms
2024-11-28T05:09:06.734Z  INFO 1877 --- [KebabCase] [           main] o.s.mock.web.MockServletContext          : Initializing Spring TestDispatcherServlet ''
2024-11-28T05:09:06.734Z  INFO 1877 --- [KebabCase] [           main] o.s.t.web.servlet.TestDispatcherServlet  : Initializing Servlet ''
2024-11-28T05:09:06.734Z  INFO 1877 --- [KebabCase] [           main] o.s.t.web.servlet.TestDispatcherServlet  : Completed initialization in 0 ms
2024-11-28T05:09:06.740Z  INFO 1877 --- [KebabCase] [           main] o.s.mock.web.MockServletContext          : Initializing Spring TestDispatcherServlet ''
2024-11-28T05:09:06.740Z  INFO 1877 --- [KebabCase] [           main] o.s.t.web.servlet.TestDispatcherServlet  : Initializing Servlet ''
2024-11-28T05:09:06.740Z  INFO 1877 --- [KebabCase] [           main] o.s.t.web.servlet.TestDispatcherServlet  : Completed initialization in 0 ms
2024-11-28T05:09:06.747Z  INFO 1877 --- [KebabCase] [           main] o.s.mock.web.MockServletContext          : Initializing Spring TestDispatcherServlet ''
2024-11-28T05:09:06.747Z  INFO 1877 --- [KebabCase] [           main] o.s.t.web.servlet.TestDispatcherServlet  : Initializing Servlet ''
2024-11-28T05:09:06.747Z  INFO 1877 --- [KebabCase] [           main] o.s.t.web.servlet.TestDispatcherServlet  : Completed initialization in 0 ms
2024-11-28T05:09:06.753Z  INFO 1877 --- [KebabCase] [           main] o.s.mock.web.MockServletContext          : Initializing Spring TestDispatcherServlet ''
2024-11-28T05:09:06.753Z  INFO 1877 --- [KebabCase] [           main] o.s.t.web.servlet.TestDispatcherServlet  : Initializing Servlet ''
2024-11-28T05:09:06.753Z  INFO 1877 --- [KebabCase] [           main] o.s.t.web.servlet.TestDispatcherServlet  : Completed initialization in 0 ms
2024-11-28T05:09:06.758Z  INFO 1877 --- [KebabCase] [           main] o.s.mock.web.MockServletContext          : Initializing Spring TestDispatcherServlet ''
2024-11-28T05:09:06.759Z  INFO 1877 --- [KebabCase] [           main] o.s.t.web.servlet.TestDispatcherServlet  : Initializing Servlet ''
2024-11-28T05:09:06.759Z  INFO 1877 --- [KebabCase] [           main] o.s.t.web.servlet.TestDispatcherServlet  : Completed initialization in 0 ms
2024-11-28T05:09:06.767Z  INFO 1877 --- [KebabCase] [           main] o.s.mock.web.MockServletContext          : Initializing Spring TestDispatcherServlet ''
2024-11-28T05:09:06.768Z  INFO 1877 --- [KebabCase] [           main] o.s.t.web.servlet.TestDispatcherServlet  : Initializing Servlet ''
2024-11-28T05:09:06.768Z  INFO 1877 --- [KebabCase] [           main] o.s.t.web.servlet.TestDispatcherServlet  : Completed initialization in 0 ms
[INFO] Tests run: 11, Failures: 0, Errors: 0, Skipped: 0, Time elapsed: 0.265 s -- in dev.coms4156.project.kebabcase.UserControllerUnitTests
[INFO] Running dev.coms4156.project.kebabcase.BuildingControllerIntegrationTests
2024-11-28T05:09:06.773Z  INFO 1877 --- [KebabCase] [           main] t.c.s.AnnotationConfigContextLoaderUtils : Could not detect default configuration classes for test class [dev.coms4156.project.kebabcase.BuildingControllerIntegrationTests]: BuildingControllerIntegrationTests does not declare any static, non-private, non-final, nested classes annotated with @Configuration.
2024-11-28T05:09:06.781Z  INFO 1877 --- [KebabCase] [           main] .b.t.c.SpringBootTestContextBootstrapper : Found @SpringBootConfiguration dev.coms4156.project.kebabcase.App for test class dev.coms4156.project.kebabcase.BuildingControllerIntegrationTests

  .   ____          _            __ _ _
 /\\ / ___'_ __ _ _(_)_ __  __ _ \ \ \ \
( ( )\___ | '_ | '_| | '_ \/ _` | \ \ \ \
 \\/  ___)| |_)| | | | | || (_| |  ) ) ) )
  '  |____| .__|_| |_|_| |_\__, | / / / /
 =========|_|==============|___/=/_/_/_/

 :: Spring Boot ::                (v3.4.0)

2024-11-28T05:09:06.823Z  INFO 1877 --- [KebabCase] [           main] c.p.k.BuildingControllerIntegrationTests : Starting BuildingControllerIntegrationTests using Java 17.0.13 with PID 1877 (started by runner in /home/runner/work/KebabCase/KebabCase)
2024-11-28T05:09:06.824Z  INFO 1877 --- [KebabCase] [           main] c.p.k.BuildingControllerIntegrationTests : No active profile set, falling back to 1 default profile: "default"
2024-11-28T05:09:06.950Z  INFO 1877 --- [KebabCase] [           main] .s.d.r.c.RepositoryConfigurationDelegate : Bootstrapping Spring Data JPA repositories in DEFAULT mode.
2024-11-28T05:09:06.952Z  INFO 1877 --- [KebabCase] [           main] .i.s.PathMatchingResourcePatternResolver : Skipping search for files matching pattern [**/*.class]: directory [/home/runner/work/KebabCase/KebabCase/target/test-classes/dev/coms4156/project/kebabcase/repository] does not exist
2024-11-28T05:09:06.958Z  INFO 1877 --- [KebabCase] [           main] .i.s.PathMatchingResourcePatternResolver : Skipping search for files matching pattern [**/*Impl.class]: directory [/home/runner/work/KebabCase/KebabCase/target/test-classes/dev/coms4156/project/kebabcase/repository] does not exist
2024-11-28T05:09:06.964Z  INFO 1877 --- [KebabCase] [           main] .s.d.r.c.RepositoryConfigurationDelegate : Finished Spring Data repository scanning in 12 ms. Found 11 JPA repository interfaces.
2024-11-28T05:09:07.106Z  INFO 1877 --- [KebabCase] [           main] o.s.b.w.embedded.tomcat.TomcatWebServer  : Tomcat initialized with port 0 (http)
2024-11-28T05:09:07.107Z  INFO 1877 --- [KebabCase] [           main] o.apache.catalina.core.StandardService   : Starting service [Tomcat]
2024-11-28T05:09:07.107Z  INFO 1877 --- [KebabCase] [           main] o.apache.catalina.core.StandardEngine    : Starting Servlet engine: [Apache Tomcat/10.1.33]
2024-11-28T05:09:07.124Z  INFO 1877 --- [KebabCase] [           main] o.a.c.c.C.[Tomcat-2].[localhost].[/]     : Initializing Spring embedded WebApplicationContext
2024-11-28T05:09:07.124Z  INFO 1877 --- [KebabCase] [           main] w.s.c.ServletWebServerApplicationContext : Root WebApplicationContext: initialization completed in 297 ms
2024-11-28T05:09:07.142Z  INFO 1877 --- [KebabCase] [           main] tc.mysql:8.0                             : Creating container for image: mysql:8.0
2024-11-28T05:09:07.177Z  INFO 1877 --- [KebabCase] [           main] tc.mysql:8.0                             : Container mysql:8.0 is starting: 4662af0146c907543627b32f97346ad491c19aea451c6ee9113fdc4eed25de55
2024-11-28T05:09:07.443Z  INFO 1877 --- [KebabCase] [           main] tc.mysql:8.0                             : Waiting for database connection to become available at jdbc:mysql://localhost:32774/testdb using query 'SELECT 1'
2024-11-28T05:09:16.847Z  INFO 1877 --- [KebabCase] [           main] tc.mysql:8.0                             : Container mysql:8.0 started in PT9.70502249S
2024-11-28T05:09:16.847Z  INFO 1877 --- [KebabCase] [           main] tc.mysql:8.0                             : Container is started (JDBC URL: jdbc:mysql://localhost:32774/testdb)
2024-11-28T05:09:16.868Z  INFO 1877 --- [KebabCase] [           main] .i.s.PathMatchingResourcePatternResolver : Skipping search for files matching pattern [**/*.class]: directory [/home/runner/work/KebabCase/KebabCase/target/test-classes/dev/coms4156/project/kebabcase/entity] does not exist
2024-11-28T05:09:16.871Z  INFO 1877 --- [KebabCase] [           main] o.hibernate.jpa.internal.util.LogHelper  : HHH000204: Processing PersistenceUnitInfo [name: default]
2024-11-28T05:09:16.873Z  INFO 1877 --- [KebabCase] [           main] o.h.c.internal.RegionFactoryInitiator    : HHH000026: Second-level cache disabled
2024-11-28T05:09:16.878Z  INFO 1877 --- [KebabCase] [           main] o.s.o.j.p.SpringPersistenceUnitInfo      : No LoadTimeWeaver setup: ignoring JPA class transformer
2024-11-28T05:09:16.879Z  INFO 1877 --- [KebabCase] [           main] com.zaxxer.hikari.HikariDataSource       : HikariPool-5 - Starting...
2024-11-28T05:09:16.895Z  INFO 1877 --- [KebabCase] [           main] com.zaxxer.hikari.pool.HikariPool        : HikariPool-5 - Added connection com.mysql.cj.jdbc.ConnectionImpl@795de682
2024-11-28T05:09:16.896Z  INFO 1877 --- [KebabCase] [           main] com.zaxxer.hikari.HikariDataSource       : HikariPool-5 - Start completed.
2024-11-28T05:09:17.062Z  INFO 1877 --- [KebabCase] [           main] o.h.e.t.j.p.i.JtaPlatformInitiator       : HHH000489: No JTA platform available (set 'hibernate.transaction.jta.platform' to enable JTA platform integration)
2024-11-28T05:09:17.680Z  INFO 1877 --- [KebabCase] [           main] j.LocalContainerEntityManagerFactoryBean : Initialized JPA EntityManagerFactory for persistence unit 'default'
2024-11-28T05:09:17.816Z  WARN 1877 --- [KebabCase] [           main] JpaBaseConfiguration$JpaWebConfiguration : spring.jpa.open-in-view is enabled by default. Therefore, database queries may be performed during view rendering. Explicitly configure spring.jpa.open-in-view to disable this warning
2024-11-28T05:09:17.821Z  WARN 1877 --- [KebabCase] [           main] .s.s.UserDetailsServiceAutoConfiguration : 

Using generated security password: 9a56ad07-e543-4055-b12b-2c524bbf1db3

This generated password is for development use only. Your security configuration must be updated before running your application in production.

2024-11-28T05:09:17.823Z  INFO 1877 --- [KebabCase] [           main] r$InitializeUserDetailsManagerConfigurer : Global AuthenticationManager configured with UserDetailsService bean with name inMemoryUserDetailsManager
2024-11-28T05:09:17.926Z  INFO 1877 --- [KebabCase] [           main] o.s.b.w.embedded.tomcat.TomcatWebServer  : Tomcat started on port 44281 (http) with context path '/'
2024-11-28T05:09:17.931Z  INFO 1877 --- [KebabCase] [           main] c.p.k.BuildingControllerIntegrationTests : Started BuildingControllerIntegrationTests in 11.141 seconds (process running for 88.895)
2024-11-28T05:09:17.987Z  WARN 1877 --- [KebabCase] [           main] o.h.engine.jdbc.spi.SqlExceptionHelper   : SQL Error: 0, SQLState: S0022
2024-11-28T05:09:17.988Z ERROR 1877 --- [KebabCase] [           main] o.h.engine.jdbc.spi.SqlExceptionHelper   : Column 'id' not found.
2024-11-28T05:09:17.997Z  INFO 1877 --- [KebabCase] [o-auto-3-exec-1] o.a.c.c.C.[Tomcat-2].[localhost].[/]     : Initializing Spring DispatcherServlet 'dispatcherServlet'
2024-11-28T05:09:17.997Z  INFO 1877 --- [KebabCase] [o-auto-3-exec-1] o.s.web.servlet.DispatcherServlet        : Initializing Servlet 'dispatcherServlet'
2024-11-28T05:09:17.998Z  INFO 1877 --- [KebabCase] [o-auto-3-exec-1] o.s.web.servlet.DispatcherServlet        : Completed initialization in 1 ms
2024-11-28T05:09:18.123Z  WARN 1877 --- [KebabCase] [o-auto-3-exec-2] o.h.engine.jdbc.spi.SqlExceptionHelper   : SQL Error: 0, SQLState: S0022
2024-11-28T05:09:18.124Z ERROR 1877 --- [KebabCase] [o-auto-3-exec-2] o.h.engine.jdbc.spi.SqlExceptionHelper   : Column 'id' not found.
2024-11-28T05:09:18.211Z  WARN 1877 --- [KebabCase] [           main] o.h.engine.jdbc.spi.SqlExceptionHelper   : SQL Error: 0, SQLState: S0022
2024-11-28T05:09:18.211Z ERROR 1877 --- [KebabCase] [           main] o.h.engine.jdbc.spi.SqlExceptionHelper   : Column 'id' not found.
2024-11-28T05:09:18.215Z  WARN 1877 --- [KebabCase] [           main] o.h.engine.jdbc.spi.SqlExceptionHelper   : SQL Error: 0, SQLState: S0022
2024-11-28T05:09:18.216Z ERROR 1877 --- [KebabCase] [           main] o.h.engine.jdbc.spi.SqlExceptionHelper   : Column 'id' not found.
2024-11-28T05:09:18.220Z  WARN 1877 --- [KebabCase] [           main] o.h.engine.jdbc.spi.SqlExceptionHelper   : SQL Error: 0, SQLState: S0022
2024-11-28T05:09:18.220Z ERROR 1877 --- [KebabCase] [           main] o.h.engine.jdbc.spi.SqlExceptionHelper   : Column 'id' not found.
2024-11-28T05:09:18.317Z  WARN 1877 --- [KebabCase] [           main] o.h.engine.jdbc.spi.SqlExceptionHelper   : SQL Error: 0, SQLState: S0022
2024-11-28T05:09:18.318Z ERROR 1877 --- [KebabCase] [           main] o.h.engine.jdbc.spi.SqlExceptionHelper   : Column 'id' not found.
2024-11-28T05:09:18.322Z  WARN 1877 --- [KebabCase] [           main] o.h.engine.jdbc.spi.SqlExceptionHelper   : SQL Error: 0, SQLState: S0022
2024-11-28T05:09:18.322Z ERROR 1877 --- [KebabCase] [           main] o.h.engine.jdbc.spi.SqlExceptionHelper   : Column 'id' not found.
2024-11-28T05:09:18.466Z  WARN 1877 --- [KebabCase] [           main] o.h.engine.jdbc.spi.SqlExceptionHelper   : SQL Error: 0, SQLState: S0022
2024-11-28T05:09:18.467Z ERROR 1877 --- [KebabCase] [           main] o.h.engine.jdbc.spi.SqlExceptionHelper   : Column 'id' not found.
2024-11-28T05:09:18.537Z  WARN 1877 --- [KebabCase] [           main] o.h.engine.jdbc.spi.SqlExceptionHelper   : SQL Error: 0, SQLState: S0022
2024-11-28T05:09:18.537Z ERROR 1877 --- [KebabCase] [           main] o.h.engine.jdbc.spi.SqlExceptionHelper   : Column 'id' not found.
2024-11-28T05:09:18.541Z  WARN 1877 --- [KebabCase] [           main] o.h.engine.jdbc.spi.SqlExceptionHelper   : SQL Error: 0, SQLState: S0022
2024-11-28T05:09:18.541Z ERROR 1877 --- [KebabCase] [           main] o.h.engine.jdbc.spi.SqlExceptionHelper   : Column 'id' not found.
2024-11-28T05:09:18.583Z  WARN 1877 --- [KebabCase] [           main] o.h.engine.jdbc.spi.SqlExceptionHelper   : SQL Error: 0, SQLState: S0022
2024-11-28T05:09:18.583Z ERROR 1877 --- [KebabCase] [           main] o.h.engine.jdbc.spi.SqlExceptionHelper   : Column 'id' not found.
2024-11-28T05:09:18.623Z  WARN 1877 --- [KebabCase] [           main] o.h.engine.jdbc.spi.SqlExceptionHelper   : SQL Error: 0, SQLState: S0022
2024-11-28T05:09:18.623Z ERROR 1877 --- [KebabCase] [           main] o.h.engine.jdbc.spi.SqlExceptionHelper   : Column 'id' not found.
2024-11-28T05:09:18.666Z  WARN 1877 --- [KebabCase] [           main] o.h.engine.jdbc.spi.SqlExceptionHelper   : SQL Error: 0, SQLState: S0022
2024-11-28T05:09:18.667Z ERROR 1877 --- [KebabCase] [           main] o.h.engine.jdbc.spi.SqlExceptionHelper   : Column 'id' not found.
2024-11-28T05:09:18.670Z  WARN 1877 --- [KebabCase] [           main] o.h.engine.jdbc.spi.SqlExceptionHelper   : SQL Error: 0, SQLState: S0022
2024-11-28T05:09:18.671Z ERROR 1877 --- [KebabCase] [           main] o.h.engine.jdbc.spi.SqlExceptionHelper   : Column 'id' not found.
2024-11-28T05:09:18.688Z  WARN 1877 --- [KebabCase] [o-auto-3-exec-1] o.h.engine.jdbc.spi.SqlExceptionHelper   : SQL Error: 0, SQLState: S0022
2024-11-28T05:09:18.688Z ERROR 1877 --- [KebabCase] [o-auto-3-exec-1] o.h.engine.jdbc.spi.SqlExceptionHelper   : Column 'id' not found.
2024-11-28T05:09:18.726Z  WARN 1877 --- [KebabCase] [           main] o.h.engine.jdbc.spi.SqlExceptionHelper   : SQL Error: 0, SQLState: S0022
2024-11-28T05:09:18.727Z ERROR 1877 --- [KebabCase] [           main] o.h.engine.jdbc.spi.SqlExceptionHelper   : Column 'id' not found.
[INFO] Tests run: 12, Failures: 0, Errors: 0, Skipped: 0, Time elapsed: 11.98 s -- in dev.coms4156.project.kebabcase.BuildingControllerIntegrationTests
[INFO] Running dev.coms4156.project.kebabcase.HousingUnitControllerUnitTests
[INFO] Tests run: 27, Failures: 0, Errors: 0, Skipped: 0, Time elapsed: 0.320 s -- in dev.coms4156.project.kebabcase.HousingUnitControllerUnitTests
[INFO] Running dev.coms4156.project.kebabcase.WarmupControllerIntegrationTests
2024-11-28T05:09:19.076Z  INFO 1877 --- [KebabCase] [           main] t.c.s.AnnotationConfigContextLoaderUtils : Could not detect default configuration classes for test class [dev.coms4156.project.kebabcase.WarmupControllerIntegrationTests]: WarmupControllerIntegrationTests does not declare any static, non-private, non-final, nested classes annotated with @Configuration.
2024-11-28T05:09:19.081Z  INFO 1877 --- [KebabCase] [           main] .b.t.c.SpringBootTestContextBootstrapper : Found @SpringBootConfiguration dev.coms4156.project.kebabcase.App for test class dev.coms4156.project.kebabcase.WarmupControllerIntegrationTests

  .   ____          _            __ _ _
 /\\ / ___'_ __ _ _(_)_ __  __ _ \ \ \ \
( ( )\___ | '_ | '_| | '_ \/ _` | \ \ \ \
 \\/  ___)| |_)| | | | | || (_| |  ) ) ) )
  '  |____| .__|_| |_|_| |_\__, | / / / /
 =========|_|==============|___/=/_/_/_/

 :: Spring Boot ::                (v3.4.0)

2024-11-28T05:09:19.104Z  INFO 1877 --- [KebabCase] [           main] d.c.p.k.WarmupControllerIntegrationTests : Starting WarmupControllerIntegrationTests using Java 17.0.13 with PID 1877 (started by runner in /home/runner/work/KebabCase/KebabCase)
2024-11-28T05:09:19.104Z  INFO 1877 --- [KebabCase] [           main] d.c.p.k.WarmupControllerIntegrationTests : No active profile set, falling back to 1 default profile: "default"
2024-11-28T05:09:19.188Z  INFO 1877 --- [KebabCase] [           main] .s.d.r.c.RepositoryConfigurationDelegate : Bootstrapping Spring Data JPA repositories in DEFAULT mode.
2024-11-28T05:09:19.190Z  INFO 1877 --- [KebabCase] [           main] .i.s.PathMatchingResourcePatternResolver : Skipping search for files matching pattern [**/*.class]: directory [/home/runner/work/KebabCase/KebabCase/target/test-classes/dev/coms4156/project/kebabcase/repository] does not exist
2024-11-28T05:09:19.194Z  INFO 1877 --- [KebabCase] [           main] .i.s.PathMatchingResourcePatternResolver : Skipping search for files matching pattern [**/*Impl.class]: directory [/home/runner/work/KebabCase/KebabCase/target/test-classes/dev/coms4156/project/kebabcase/repository] does not exist
2024-11-28T05:09:19.203Z  INFO 1877 --- [KebabCase] [           main] .s.d.r.c.RepositoryConfigurationDelegate : Finished Spring Data repository scanning in 13 ms. Found 11 JPA repository interfaces.
2024-11-28T05:09:19.295Z  INFO 1877 --- [KebabCase] [           main] o.s.b.w.embedded.tomcat.TomcatWebServer  : Tomcat initialized with port 0 (http)
2024-11-28T05:09:19.296Z  INFO 1877 --- [KebabCase] [           main] o.apache.catalina.core.StandardService   : Starting service [Tomcat]
2024-11-28T05:09:19.296Z  INFO 1877 --- [KebabCase] [           main] o.apache.catalina.core.StandardEngine    : Starting Servlet engine: [Apache Tomcat/10.1.33]
2024-11-28T05:09:19.309Z  INFO 1877 --- [KebabCase] [           main] o.a.c.c.C.[Tomcat-3].[localhost].[/]     : Initializing Spring embedded WebApplicationContext
2024-11-28T05:09:19.309Z  INFO 1877 --- [KebabCase] [           main] w.s.c.ServletWebServerApplicationContext : Root WebApplicationContext: initialization completed in 203 ms
2024-11-28T05:09:19.321Z  INFO 1877 --- [KebabCase] [           main] tc.mysql:8.0                             : Creating container for image: mysql:8.0
2024-11-28T05:09:19.368Z  INFO 1877 --- [KebabCase] [           main] tc.mysql:8.0                             : Container mysql:8.0 is starting: 5416cfb636935b0b8db5ac3684123e8afaa7fb3de3e704359f8936bc751e7e3b
2024-11-28T05:09:19.612Z  INFO 1877 --- [KebabCase] [           main] tc.mysql:8.0                             : Waiting for database connection to become available at jdbc:mysql://localhost:32775/testdb using query 'SELECT 1'
2024-11-28T05:09:27.847Z  INFO 1877 --- [KebabCase] [           main] tc.mysql:8.0                             : Container mysql:8.0 started in PT8.525751902S
2024-11-28T05:09:27.847Z  INFO 1877 --- [KebabCase] [           main] tc.mysql:8.0                             : Container is started (JDBC URL: jdbc:mysql://localhost:32775/testdb)
2024-11-28T05:09:27.865Z  INFO 1877 --- [KebabCase] [           main] .i.s.PathMatchingResourcePatternResolver : Skipping search for files matching pattern [**/*.class]: directory [/home/runner/work/KebabCase/KebabCase/target/test-classes/dev/coms4156/project/kebabcase/entity] does not exist
2024-11-28T05:09:27.867Z  INFO 1877 --- [KebabCase] [           main] o.hibernate.jpa.internal.util.LogHelper  : HHH000204: Processing PersistenceUnitInfo [name: default]
2024-11-28T05:09:27.868Z  INFO 1877 --- [KebabCase] [           main] o.h.c.internal.RegionFactoryInitiator    : HHH000026: Second-level cache disabled
2024-11-28T05:09:27.872Z  INFO 1877 --- [KebabCase] [           main] o.s.o.j.p.SpringPersistenceUnitInfo      : No LoadTimeWeaver setup: ignoring JPA class transformer
2024-11-28T05:09:27.873Z  INFO 1877 --- [KebabCase] [           main] com.zaxxer.hikari.HikariDataSource       : HikariPool-6 - Starting...
2024-11-28T05:09:27.888Z  INFO 1877 --- [KebabCase] [           main] com.zaxxer.hikari.pool.HikariPool        : HikariPool-6 - Added connection com.mysql.cj.jdbc.ConnectionImpl@6a86c9c9
2024-11-28T05:09:27.888Z  INFO 1877 --- [KebabCase] [           main] com.zaxxer.hikari.HikariDataSource       : HikariPool-6 - Start completed.
2024-11-28T05:09:28.045Z  INFO 1877 --- [KebabCase] [           main] o.h.e.t.j.p.i.JtaPlatformInitiator       : HHH000489: No JTA platform available (set 'hibernate.transaction.jta.platform' to enable JTA platform integration)
2024-11-28T05:09:28.637Z  INFO 1877 --- [KebabCase] [           main] j.LocalContainerEntityManagerFactoryBean : Initialized JPA EntityManagerFactory for persistence unit 'default'
2024-11-28T05:09:28.725Z  WARN 1877 --- [KebabCase] [           main] JpaBaseConfiguration$JpaWebConfiguration : spring.jpa.open-in-view is enabled by default. Therefore, database queries may be performed during view rendering. Explicitly configure spring.jpa.open-in-view to disable this warning
2024-11-28T05:09:28.728Z  WARN 1877 --- [KebabCase] [           main] .s.s.UserDetailsServiceAutoConfiguration : 

Using generated security password: 6bd7b5f9-7b1e-4cd9-95d1-bdf54ef3ff59

This generated password is for development use only. Your security configuration must be updated before running your application in production.

2024-11-28T05:09:28.728Z  INFO 1877 --- [KebabCase] [           main] r$InitializeUserDetailsManagerConfigurer : Global AuthenticationManager configured with UserDetailsService bean with name inMemoryUserDetailsManager
2024-11-28T05:09:28.788Z  INFO 1877 --- [KebabCase] [           main] o.s.b.w.embedded.tomcat.TomcatWebServer  : Tomcat started on port 43995 (http) with context path '/'
2024-11-28T05:09:28.791Z  INFO 1877 --- [KebabCase] [           main] d.c.p.k.WarmupControllerIntegrationTests : Started WarmupControllerIntegrationTests in 9.706 seconds (process running for 99.755)
2024-11-28T05:09:28.804Z  INFO 1877 --- [KebabCase] [o-auto-4-exec-1] o.a.c.c.C.[Tomcat-3].[localhost].[/]     : Initializing Spring DispatcherServlet 'dispatcherServlet'
2024-11-28T05:09:28.804Z  INFO 1877 --- [KebabCase] [o-auto-4-exec-1] o.s.web.servlet.DispatcherServlet        : Initializing Servlet 'dispatcherServlet'
2024-11-28T05:09:28.805Z  INFO 1877 --- [KebabCase] [o-auto-4-exec-1] o.s.web.servlet.DispatcherServlet        : Completed initialization in 1 ms
[INFO] Tests run: 1, Failures: 0, Errors: 0, Skipped: 0, Time elapsed: 9.738 s -- in dev.coms4156.project.kebabcase.WarmupControllerIntegrationTests
2024-11-28T05:09:28.829Z  INFO 1877 --- [KebabCase] [ionShutdownHook] j.LocalContainerEntityManagerFactoryBean : Closing JPA EntityManagerFactory for persistence unit 'default'
2024-11-28T05:09:28.831Z  INFO 1877 --- [KebabCase] [ionShutdownHook] com.zaxxer.hikari.HikariDataSource       : HikariPool-1 - Shutdown initiated...
2024-11-28T05:09:28.840Z  INFO 1877 --- [KebabCase] [ionShutdownHook] com.zaxxer.hikari.HikariDataSource       : HikariPool-1 - Shutdown completed.
[INFO] 
[INFO] Results:
[INFO] 
[INFO] Tests run: 103, Failures: 0, Errors: 0, Skipped: 0
[INFO] 
[INFO] ------------------------------------------------------------------------
[INFO] BUILD SUCCESS
[INFO] ------------------------------------------------------------------------
[INFO] Total time:  01:47 min
[INFO] Finished at: 2024-11-28T05:09:29Z
[INFO] ------------------------------------------------------------------------
